

================================================================
== Vivado HLS Report for 'LOAD_WEIGHT_DMA'
================================================================
* Date:           Tue Jun 11 17:40:12 2019

* Version:        2017.4 (Build 2086221 on Fri Dec 15 21:13:33 MST 2017)
* Project:        LURAM-Test
* Solution:       solution1
* Product family: zynquplus
* Target device:  xczu9eg-ffvb1156-2-i


================================================================
== Performance Estimates
================================================================
+ Timing (ns): 
    * Summary: 
    +--------+-------+----------+------------+
    |  Clock | Target| Estimated| Uncertainty|
    +--------+-------+----------+------------+
    |ap_clk  |  10.00|      7.95|        1.25|
    +--------+-------+----------+------------+

+ Latency (clock cycles): 
    * Summary: 
    +-----+-----+-----+-----+---------+
    |  Latency  |  Interval | Pipeline|
    | min | max | min | max |   Type  |
    +-----+-----+-----+-----+---------+
    |  254|  254|  254|  254|   none  |
    +-----+-----+-----+-----+---------+

    + Detail: 
        * Instance: 
        N/A

        * Loop: 
        +----------+-----+-----+----------+-----------+-----------+------+----------+
        |          |  Latency  | Iteration|  Initiation Interval  | Trip |          |
        | Loop Name| min | max |  Latency |  achieved |   target  | Count| Pipelined|
        +----------+-----+-----+----------+-----------+-----------+------+----------+
        |- Loop 1  |  252|  252|         1|          1|          1|   252|    yes   |
        +----------+-----+-----+----------+-----------+-----------+------+----------+



================================================================
== Utilization Estimates
================================================================
* Summary: 
+-----------------+---------+-------+--------+--------+-----+
|       Name      | BRAM_18K| DSP48E|   FF   |   LUT  | URAM|
+-----------------+---------+-------+--------+--------+-----+
|DSP              |        -|      1|       -|       -|    -|
|Expression       |        -|     13|       0|    1409|    -|
|FIFO             |        -|      -|       -|       -|    -|
|Instance         |        -|      -|       -|       -|    -|
|Memory           |        -|      -|       -|       -|    -|
|Multiplexer      |        -|      -|       -|      93|    -|
|Register         |        -|      -|     472|       -|    -|
+-----------------+---------+-------+--------+--------+-----+
|Total            |        0|     14|     472|    1502|    0|
+-----------------+---------+-------+--------+--------+-----+
|Available        |     1824|   2520|  548160|  274080|    0|
+-----------------+---------+-------+--------+--------+-----+
|Utilization (%)  |        0|   ~0  |   ~0   |   ~0   |    0|
+-----------------+---------+-------+--------+--------+-----+

+ Detail: 
    * Instance: 
    N/A

    * DSP48: 
    +-------------------------+----------------------+--------------+
    |         Instance        |        Module        |  Expression  |
    +-------------------------+----------------------+--------------+
    |top_mac_muladd_5nbkb_U1  |top_mac_muladd_5nbkb  | i0 + i1 * i2 |
    +-------------------------+----------------------+--------------+

    * Memory: 
    N/A

    * FIFO: 
    N/A

    * Expression: 
    +-----------------------------------+----------+-------+---+----+------------+------------+
    |           Variable Name           | Operation| DSP48E| FF| LUT| Bitwidth P0| Bitwidth P1|
    +-----------------------------------+----------+-------+---+----+------------+------------+
    |bound4_fu_1025_p2                  |     *    |     10|  0|  46|          64|           3|
    |bound_fu_1015_p2                   |     *    |      3|  0|  20|          32|          32|
    |i_4_fu_1062_p2                     |     +    |      0|  0|  11|           1|           3|
    |indvar_flatten16_op_fu_1921_p2     |     +    |      0|  0|  74|          67|           1|
    |indvar_flatten_next4_fu_1056_p2    |     +    |      0|  0|  76|          69|           1|
    |indvar_flatten_op_fu_1907_p2       |     +    |      0|  0|  71|          64|           1|
    |j_3_fu_1133_p2                     |     +    |      0|  0|  11|           1|           3|
    |l_1_fu_1901_p2                     |     +    |      0|  0|  39|          32|           1|
    |m_1_fu_1168_p2                     |     +    |      0|  0|  38|           1|          31|
    |p_Val2_7_fu_1371_p2                |     +    |      0|  0|  15|           8|           8|
    |p_Val2_9_fu_1677_p2                |     +    |      0|  0|  15|           8|           8|
    |tmp_t_mid1_fu_1081_p2              |     +    |      0|  0|  11|           3|           3|
    |ap_block_state2                    |    and   |      0|  0|   9|           1|           1|
    |brmerge40_demorgan_i_1_fu_1501_p2  |    and   |      0|  0|   9|           1|           1|
    |brmerge40_demorgan_i_fu_1807_p2    |    and   |      0|  0|   9|           1|           1|
    |carry_1_fu_1697_p2                 |    and   |      0|  0|   9|           1|           1|
    |carry_fu_1391_p2                   |    and   |      0|  0|   9|           1|           1|
    |overflow_1_fu_1801_p2              |    and   |      0|  0|   9|           1|           1|
    |overflow_fu_1495_p2                |    and   |      0|  0|   9|           1|           1|
    |p_38_i1_fu_1471_p2                 |    and   |      0|  0|   9|           1|           1|
    |p_38_i_fu_1777_p2                  |    and   |      0|  0|   9|           1|           1|
    |p_41_i1_fu_1457_p2                 |    and   |      0|  0|   9|           1|           1|
    |p_41_i_fu_1763_p2                  |    and   |      0|  0|   9|           1|           1|
    |qb_assign_1_fu_1667_p2             |    and   |      0|  0|   9|           1|           1|
    |qb_assign_fu_1361_p2               |    and   |      0|  0|   9|           1|           1|
    |underflow_2_fu_1825_p2             |    and   |      0|  0|   9|           1|           1|
    |underflow_fu_1519_p2               |    and   |      0|  0|   9|           1|           1|
    |Range1_all_ones_1_fu_1737_p2       |   icmp   |      0|  0|  13|           9|           2|
    |Range1_all_ones_fu_1431_p2         |   icmp   |      0|  0|  13|           9|           2|
    |Range1_all_zeros_1_fu_1743_p2      |   icmp   |      0|  0|  13|           9|           1|
    |Range1_all_zeros_fu_1437_p2        |   icmp   |      0|  0|  13|           9|           1|
    |Range2_all_ones_1_fu_1721_p2       |   icmp   |      0|  0|  11|           8|           2|
    |Range2_all_ones_fu_1415_p2         |   icmp   |      0|  0|  11|           8|           2|
    |exitcond_flatten1_fu_1113_p2       |   icmp   |      0|  0|  29|          64|          64|
    |exitcond_flatten4_fu_1051_p2       |   icmp   |      0|  0|  50|          69|          69|
    |exitcond_flatten_fu_1068_p2        |   icmp   |      0|  0|  50|          67|          67|
    |exitcond_flatten_mid_fu_1045_p2    |   icmp   |      0|  0|  29|          64|           1|
    |exitcond_fu_1101_p2                |   icmp   |      0|  0|  20|          32|          32|
    |exitcond_mid_fu_1039_p2            |   icmp   |      0|  0|  20|          32|           1|
    |tmp_28_fu_1355_p2                  |   icmp   |      0|  0|  11|           8|           1|
    |tmp_35_fu_1661_p2                  |   icmp   |      0|  0|  11|           8|           1|
    |brmerge_i2_fu_1483_p2              |    or    |      0|  0|   9|           1|           1|
    |brmerge_i_fu_1789_p2               |    or    |      0|  0|   9|           1|           1|
    |brmerge_i_i2_fu_1525_p2            |    or    |      0|  0|   9|           1|           1|
    |brmerge_i_i_fu_1831_p2             |    or    |      0|  0|   9|           1|           1|
    |tmp3_demorgan_fu_1507_p2           |    or    |      0|  0|   9|           1|           1|
    |tmp4_fu_1531_p2                    |    or    |      0|  0|   9|           1|           1|
    |tmp5_demorgan_fu_1813_p2           |    or    |      0|  0|   9|           1|           1|
    |tmp6_fu_1837_p2                    |    or    |      0|  0|   9|           1|           1|
    |tmp_20_fu_1331_p2                  |    or    |      0|  0|   9|           1|           1|
    |tmp_23_fu_1174_p2                  |    or    |      0|  0|   9|           1|           1|
    |tmp_24_fu_1637_p2                  |    or    |      0|  0|   9|           1|           1|
    |tmp_34_fu_1180_p2                  |    or    |      0|  0|   9|           1|           1|
    |tmp_s_fu_1139_p2                   |    or    |      0|  0|   9|           1|           1|
    |underflow_2_not_fu_1843_p2         |    or    |      0|  0|   9|           1|           1|
    |underflow_not_fu_1537_p2           |    or    |      0|  0|   9|           1|           1|
    |deleted_ones_1_fu_1769_p3          |  select  |      0|  0|   2|           1|           1|
    |deleted_ones_fu_1463_p3            |  select  |      0|  0|   2|           1|           1|
    |deleted_zeros_1_fu_1749_p3         |  select  |      0|  0|   2|           1|           1|
    |deleted_zeros_fu_1443_p3           |  select  |      0|  0|   2|           1|           1|
    |exitcond_flatten_mid_2_fu_1118_p3  |  select  |      0|  0|   2|           1|           1|
    |exitcond_mid1_fu_1106_p3           |  select  |      0|  0|   2|           1|           1|
    |exitcond_mid2_fu_1153_p3           |  select  |      0|  0|   2|           1|           1|
    |grp_fu_1935_p1                     |  select  |      0|  0|   8|           1|           8|
    |i_mid2_fu_1125_p3                  |  select  |      0|  0|   3|           1|           3|
    |indvar_flatten_next3_fu_1927_p3    |  select  |      0|  0|  67|           1|           1|
    |indvar_flatten_next_fu_1913_p3     |  select  |      0|  0|  64|           1|           1|
    |j_mid2_fu_1160_p3                  |  select  |      0|  0|   3|           1|           3|
    |j_mid_fu_1073_p3                   |  select  |      0|  0|   3|           1|           1|
    |l_mid2_fu_1186_p3                  |  select  |      0|  0|  32|           1|           1|
    |m_mid2_fu_1218_p3                  |  select  |      0|  0|  31|           1|          31|
    |m_mid_fu_1145_p3                   |  select  |      0|  0|  31|           1|           1|
    |p_Val2_11_mux_fu_1849_p3           |  select  |      0|  0|   8|           1|           7|
    |p_Val2_8_51_fu_1551_p3             |  select  |      0|  0|   9|           1|           9|
    |p_Val2_8_mux_fu_1543_p3            |  select  |      0|  0|   8|           1|           7|
    |p_Val2_s_fu_1857_p3                |  select  |      0|  0|   9|           1|           9|
    |this_assign_1_fu_1559_p3           |  select  |      0|  0|   8|           1|           8|
    |this_assign_4_1_fu_1865_p3         |  select  |      0|  0|   8|           1|           8|
    |tmp_45_fu_1202_p3                  |  select  |      0|  0|   8|           1|           1|
    |tmp_t_mid2_fu_1093_p3              |  select  |      0|  0|   3|           1|           3|
    |p_not_i1_fu_1477_p2                |    xor   |      0|  0|   9|           1|           2|
    |p_not_i_fu_1783_p2                 |    xor   |      0|  0|   9|           1|           2|
    |tmp3_fu_1513_p2                    |    xor   |      0|  0|   9|           1|           2|
    |tmp5_fu_1819_p2                    |    xor   |      0|  0|   9|           1|           2|
    |tmp_30_fu_1385_p2                  |    xor   |      0|  0|   9|           1|           2|
    |tmp_31_fu_1451_p2                  |    xor   |      0|  0|   9|           1|           2|
    |tmp_32_fu_1489_p2                  |    xor   |      0|  0|   9|           1|           2|
    |tmp_37_fu_1691_p2                  |    xor   |      0|  0|   9|           1|           2|
    |tmp_38_fu_1757_p2                  |    xor   |      0|  0|   9|           1|           2|
    |tmp_39_fu_1795_p2                  |    xor   |      0|  0|   9|           1|           2|
    |tmp_t_fu_1087_p2                   |    xor   |      0|  0|  11|           3|           4|
    +-----------------------------------+----------+-------+---+----+------------+------------+
    |Total                              |          |     13|  0|1409|         813|         504|
    +-----------------------------------+----------+-------+---+----+------------+------------+

    * Multiplexer: 
    +-------------------------+----+-----------+-----+-----------+
    |           Name          | LUT| Input Size| Bits| Total Bits|
    +-------------------------+----+-----------+-----+-----------+
    |ap_NS_fsm                |  21|          4|    1|          4|
    |i_reg_945                |   9|          2|    3|          6|
    |indvar_flatten3_reg_934  |   9|          2|   69|        138|
    |indvar_flatten4_reg_956  |   9|          2|   67|        134|
    |indvar_flatten_reg_978   |   9|          2|   64|        128|
    |input_dma_W_TDATA_blk_n  |   9|          2|    1|          2|
    |j_reg_967                |   9|          2|    3|          6|
    |l_reg_1000               |   9|          2|   32|         64|
    |m_reg_989                |   9|          2|   31|         62|
    +-------------------------+----+-----------+-----+-----------+
    |Total                    |  93|         20|  271|        544|
    +-------------------------+----+-----------+-----+-----------+

    * Register: 
    +-------------------------------+----+----+-----+-----------+
    |              Name             | FF | LUT| Bits| Const Bits|
    +-------------------------------+----+----+-----+-----------+
    |ap_CS_fsm                      |   3|   0|    3|          0|
    |bound4_reg_1954                |  67|   0|   67|          0|
    |bound_reg_1949                 |  64|   0|   64|          0|
    |exitcond_flatten_mid_reg_1970  |   1|   0|    1|          0|
    |exitcond_mid_reg_1964          |   1|   0|    1|          0|
    |i_reg_945                      |   3|   0|    3|          0|
    |indvar_flatten3_reg_934        |  69|   0|   69|          0|
    |indvar_flatten4_reg_956        |  67|   0|   67|          0|
    |indvar_flatten_reg_978         |  64|   0|   64|          0|
    |j_reg_967                      |   3|   0|    3|          0|
    |l_reg_1000                     |  32|   0|   32|          0|
    |m_reg_989                      |  31|   0|   31|          0|
    |tmp_reg_1959                   |  67|   0|   69|          2|
    +-------------------------------+----+----+-----+-----------+
    |Total                          | 472|   0|  474|          2|
    +-------------------------------+----+----+-----+-----------+



================================================================
== Interface
================================================================
* Summary: 
+------------------------+-----+-----+------------+--------------------+--------------+
|        RTL Ports       | Dir | Bits|  Protocol  |    Source Object   |    C Type    |
+------------------------+-----+-----+------------+--------------------+--------------+
|ap_clk                  |  in |    1| ap_ctrl_hs |   LOAD_WEIGHT_DMA  | return value |
|ap_rst                  |  in |    1| ap_ctrl_hs |   LOAD_WEIGHT_DMA  | return value |
|ap_start                |  in |    1| ap_ctrl_hs |   LOAD_WEIGHT_DMA  | return value |
|ap_done                 | out |    1| ap_ctrl_hs |   LOAD_WEIGHT_DMA  | return value |
|ap_idle                 | out |    1| ap_ctrl_hs |   LOAD_WEIGHT_DMA  | return value |
|ap_ready                | out |    1| ap_ctrl_hs |   LOAD_WEIGHT_DMA  | return value |
|input_dma_W_TDATA       |  in |   56|    axis    | input_dma_W_V_data |    pointer   |
|input_dma_W_TVALID      |  in |    1|    axis    | input_dma_W_V_data |    pointer   |
|input_dma_W_TREADY      | out |    1|    axis    | input_dma_W_V_last |    pointer   |
|input_dma_W_TLAST       |  in |    1|    axis    | input_dma_W_V_last |    pointer   |
|WEIGHT1_0_0_V_address0  | out |    7|  ap_memory |    WEIGHT1_0_0_V   |     array    |
|WEIGHT1_0_0_V_ce0       | out |    1|  ap_memory |    WEIGHT1_0_0_V   |     array    |
|WEIGHT1_0_0_V_we0       | out |    1|  ap_memory |    WEIGHT1_0_0_V   |     array    |
|WEIGHT1_0_0_V_d0        | out |    8|  ap_memory |    WEIGHT1_0_0_V   |     array    |
|WEIGHT1_0_1_V_address0  | out |    7|  ap_memory |    WEIGHT1_0_1_V   |     array    |
|WEIGHT1_0_1_V_ce0       | out |    1|  ap_memory |    WEIGHT1_0_1_V   |     array    |
|WEIGHT1_0_1_V_we0       | out |    1|  ap_memory |    WEIGHT1_0_1_V   |     array    |
|WEIGHT1_0_1_V_d0        | out |    8|  ap_memory |    WEIGHT1_0_1_V   |     array    |
|WEIGHT1_0_2_V_address0  | out |    7|  ap_memory |    WEIGHT1_0_2_V   |     array    |
|WEIGHT1_0_2_V_ce0       | out |    1|  ap_memory |    WEIGHT1_0_2_V   |     array    |
|WEIGHT1_0_2_V_we0       | out |    1|  ap_memory |    WEIGHT1_0_2_V   |     array    |
|WEIGHT1_0_2_V_d0        | out |    8|  ap_memory |    WEIGHT1_0_2_V   |     array    |
|WEIGHT1_0_3_V_address0  | out |    7|  ap_memory |    WEIGHT1_0_3_V   |     array    |
|WEIGHT1_0_3_V_ce0       | out |    1|  ap_memory |    WEIGHT1_0_3_V   |     array    |
|WEIGHT1_0_3_V_we0       | out |    1|  ap_memory |    WEIGHT1_0_3_V   |     array    |
|WEIGHT1_0_3_V_d0        | out |    8|  ap_memory |    WEIGHT1_0_3_V   |     array    |
|WEIGHT1_0_4_V_address0  | out |    7|  ap_memory |    WEIGHT1_0_4_V   |     array    |
|WEIGHT1_0_4_V_ce0       | out |    1|  ap_memory |    WEIGHT1_0_4_V   |     array    |
|WEIGHT1_0_4_V_we0       | out |    1|  ap_memory |    WEIGHT1_0_4_V   |     array    |
|WEIGHT1_0_4_V_d0        | out |    8|  ap_memory |    WEIGHT1_0_4_V   |     array    |
|WEIGHT1_0_5_V_address0  | out |    7|  ap_memory |    WEIGHT1_0_5_V   |     array    |
|WEIGHT1_0_5_V_ce0       | out |    1|  ap_memory |    WEIGHT1_0_5_V   |     array    |
|WEIGHT1_0_5_V_we0       | out |    1|  ap_memory |    WEIGHT1_0_5_V   |     array    |
|WEIGHT1_0_5_V_d0        | out |    8|  ap_memory |    WEIGHT1_0_5_V   |     array    |
|WEIGHT1_0_6_V_address0  | out |    7|  ap_memory |    WEIGHT1_0_6_V   |     array    |
|WEIGHT1_0_6_V_ce0       | out |    1|  ap_memory |    WEIGHT1_0_6_V   |     array    |
|WEIGHT1_0_6_V_we0       | out |    1|  ap_memory |    WEIGHT1_0_6_V   |     array    |
|WEIGHT1_0_6_V_d0        | out |    8|  ap_memory |    WEIGHT1_0_6_V   |     array    |
|WEIGHT1_1_0_V_address0  | out |    7|  ap_memory |    WEIGHT1_1_0_V   |     array    |
|WEIGHT1_1_0_V_ce0       | out |    1|  ap_memory |    WEIGHT1_1_0_V   |     array    |
|WEIGHT1_1_0_V_we0       | out |    1|  ap_memory |    WEIGHT1_1_0_V   |     array    |
|WEIGHT1_1_0_V_d0        | out |    8|  ap_memory |    WEIGHT1_1_0_V   |     array    |
|WEIGHT1_1_1_V_address0  | out |    7|  ap_memory |    WEIGHT1_1_1_V   |     array    |
|WEIGHT1_1_1_V_ce0       | out |    1|  ap_memory |    WEIGHT1_1_1_V   |     array    |
|WEIGHT1_1_1_V_we0       | out |    1|  ap_memory |    WEIGHT1_1_1_V   |     array    |
|WEIGHT1_1_1_V_d0        | out |    8|  ap_memory |    WEIGHT1_1_1_V   |     array    |
|WEIGHT1_1_2_V_address0  | out |    7|  ap_memory |    WEIGHT1_1_2_V   |     array    |
|WEIGHT1_1_2_V_ce0       | out |    1|  ap_memory |    WEIGHT1_1_2_V   |     array    |
|WEIGHT1_1_2_V_we0       | out |    1|  ap_memory |    WEIGHT1_1_2_V   |     array    |
|WEIGHT1_1_2_V_d0        | out |    8|  ap_memory |    WEIGHT1_1_2_V   |     array    |
|WEIGHT1_1_3_V_address0  | out |    7|  ap_memory |    WEIGHT1_1_3_V   |     array    |
|WEIGHT1_1_3_V_ce0       | out |    1|  ap_memory |    WEIGHT1_1_3_V   |     array    |
|WEIGHT1_1_3_V_we0       | out |    1|  ap_memory |    WEIGHT1_1_3_V   |     array    |
|WEIGHT1_1_3_V_d0        | out |    8|  ap_memory |    WEIGHT1_1_3_V   |     array    |
|WEIGHT1_1_4_V_address0  | out |    7|  ap_memory |    WEIGHT1_1_4_V   |     array    |
|WEIGHT1_1_4_V_ce0       | out |    1|  ap_memory |    WEIGHT1_1_4_V   |     array    |
|WEIGHT1_1_4_V_we0       | out |    1|  ap_memory |    WEIGHT1_1_4_V   |     array    |
|WEIGHT1_1_4_V_d0        | out |    8|  ap_memory |    WEIGHT1_1_4_V   |     array    |
|WEIGHT1_1_5_V_address0  | out |    7|  ap_memory |    WEIGHT1_1_5_V   |     array    |
|WEIGHT1_1_5_V_ce0       | out |    1|  ap_memory |    WEIGHT1_1_5_V   |     array    |
|WEIGHT1_1_5_V_we0       | out |    1|  ap_memory |    WEIGHT1_1_5_V   |     array    |
|WEIGHT1_1_5_V_d0        | out |    8|  ap_memory |    WEIGHT1_1_5_V   |     array    |
|WEIGHT1_1_6_V_address0  | out |    7|  ap_memory |    WEIGHT1_1_6_V   |     array    |
|WEIGHT1_1_6_V_ce0       | out |    1|  ap_memory |    WEIGHT1_1_6_V   |     array    |
|WEIGHT1_1_6_V_we0       | out |    1|  ap_memory |    WEIGHT1_1_6_V   |     array    |
|WEIGHT1_1_6_V_d0        | out |    8|  ap_memory |    WEIGHT1_1_6_V   |     array    |
|WEIGHT1_2_0_V_address0  | out |    7|  ap_memory |    WEIGHT1_2_0_V   |     array    |
|WEIGHT1_2_0_V_ce0       | out |    1|  ap_memory |    WEIGHT1_2_0_V   |     array    |
|WEIGHT1_2_0_V_we0       | out |    1|  ap_memory |    WEIGHT1_2_0_V   |     array    |
|WEIGHT1_2_0_V_d0        | out |    8|  ap_memory |    WEIGHT1_2_0_V   |     array    |
|WEIGHT1_2_1_V_address0  | out |    7|  ap_memory |    WEIGHT1_2_1_V   |     array    |
|WEIGHT1_2_1_V_ce0       | out |    1|  ap_memory |    WEIGHT1_2_1_V   |     array    |
|WEIGHT1_2_1_V_we0       | out |    1|  ap_memory |    WEIGHT1_2_1_V   |     array    |
|WEIGHT1_2_1_V_d0        | out |    8|  ap_memory |    WEIGHT1_2_1_V   |     array    |
|WEIGHT1_2_2_V_address0  | out |    7|  ap_memory |    WEIGHT1_2_2_V   |     array    |
|WEIGHT1_2_2_V_ce0       | out |    1|  ap_memory |    WEIGHT1_2_2_V   |     array    |
|WEIGHT1_2_2_V_we0       | out |    1|  ap_memory |    WEIGHT1_2_2_V   |     array    |
|WEIGHT1_2_2_V_d0        | out |    8|  ap_memory |    WEIGHT1_2_2_V   |     array    |
|WEIGHT1_2_3_V_address0  | out |    7|  ap_memory |    WEIGHT1_2_3_V   |     array    |
|WEIGHT1_2_3_V_ce0       | out |    1|  ap_memory |    WEIGHT1_2_3_V   |     array    |
|WEIGHT1_2_3_V_we0       | out |    1|  ap_memory |    WEIGHT1_2_3_V   |     array    |
|WEIGHT1_2_3_V_d0        | out |    8|  ap_memory |    WEIGHT1_2_3_V   |     array    |
|WEIGHT1_2_4_V_address0  | out |    7|  ap_memory |    WEIGHT1_2_4_V   |     array    |
|WEIGHT1_2_4_V_ce0       | out |    1|  ap_memory |    WEIGHT1_2_4_V   |     array    |
|WEIGHT1_2_4_V_we0       | out |    1|  ap_memory |    WEIGHT1_2_4_V   |     array    |
|WEIGHT1_2_4_V_d0        | out |    8|  ap_memory |    WEIGHT1_2_4_V   |     array    |
|WEIGHT1_2_5_V_address0  | out |    7|  ap_memory |    WEIGHT1_2_5_V   |     array    |
|WEIGHT1_2_5_V_ce0       | out |    1|  ap_memory |    WEIGHT1_2_5_V   |     array    |
|WEIGHT1_2_5_V_we0       | out |    1|  ap_memory |    WEIGHT1_2_5_V   |     array    |
|WEIGHT1_2_5_V_d0        | out |    8|  ap_memory |    WEIGHT1_2_5_V   |     array    |
|WEIGHT1_2_6_V_address0  | out |    7|  ap_memory |    WEIGHT1_2_6_V   |     array    |
|WEIGHT1_2_6_V_ce0       | out |    1|  ap_memory |    WEIGHT1_2_6_V   |     array    |
|WEIGHT1_2_6_V_we0       | out |    1|  ap_memory |    WEIGHT1_2_6_V   |     array    |
|WEIGHT1_2_6_V_d0        | out |    8|  ap_memory |    WEIGHT1_2_6_V   |     array    |
|WEIGHT1_3_0_V_address0  | out |    7|  ap_memory |    WEIGHT1_3_0_V   |     array    |
|WEIGHT1_3_0_V_ce0       | out |    1|  ap_memory |    WEIGHT1_3_0_V   |     array    |
|WEIGHT1_3_0_V_we0       | out |    1|  ap_memory |    WEIGHT1_3_0_V   |     array    |
|WEIGHT1_3_0_V_d0        | out |    8|  ap_memory |    WEIGHT1_3_0_V   |     array    |
|WEIGHT1_3_1_V_address0  | out |    7|  ap_memory |    WEIGHT1_3_1_V   |     array    |
|WEIGHT1_3_1_V_ce0       | out |    1|  ap_memory |    WEIGHT1_3_1_V   |     array    |
|WEIGHT1_3_1_V_we0       | out |    1|  ap_memory |    WEIGHT1_3_1_V   |     array    |
|WEIGHT1_3_1_V_d0        | out |    8|  ap_memory |    WEIGHT1_3_1_V   |     array    |
|WEIGHT1_3_2_V_address0  | out |    7|  ap_memory |    WEIGHT1_3_2_V   |     array    |
|WEIGHT1_3_2_V_ce0       | out |    1|  ap_memory |    WEIGHT1_3_2_V   |     array    |
|WEIGHT1_3_2_V_we0       | out |    1|  ap_memory |    WEIGHT1_3_2_V   |     array    |
|WEIGHT1_3_2_V_d0        | out |    8|  ap_memory |    WEIGHT1_3_2_V   |     array    |
|WEIGHT1_3_3_V_address0  | out |    7|  ap_memory |    WEIGHT1_3_3_V   |     array    |
|WEIGHT1_3_3_V_ce0       | out |    1|  ap_memory |    WEIGHT1_3_3_V   |     array    |
|WEIGHT1_3_3_V_we0       | out |    1|  ap_memory |    WEIGHT1_3_3_V   |     array    |
|WEIGHT1_3_3_V_d0        | out |    8|  ap_memory |    WEIGHT1_3_3_V   |     array    |
|WEIGHT1_3_4_V_address0  | out |    7|  ap_memory |    WEIGHT1_3_4_V   |     array    |
|WEIGHT1_3_4_V_ce0       | out |    1|  ap_memory |    WEIGHT1_3_4_V   |     array    |
|WEIGHT1_3_4_V_we0       | out |    1|  ap_memory |    WEIGHT1_3_4_V   |     array    |
|WEIGHT1_3_4_V_d0        | out |    8|  ap_memory |    WEIGHT1_3_4_V   |     array    |
|WEIGHT1_3_5_V_address0  | out |    7|  ap_memory |    WEIGHT1_3_5_V   |     array    |
|WEIGHT1_3_5_V_ce0       | out |    1|  ap_memory |    WEIGHT1_3_5_V   |     array    |
|WEIGHT1_3_5_V_we0       | out |    1|  ap_memory |    WEIGHT1_3_5_V   |     array    |
|WEIGHT1_3_5_V_d0        | out |    8|  ap_memory |    WEIGHT1_3_5_V   |     array    |
|WEIGHT1_3_6_V_address0  | out |    7|  ap_memory |    WEIGHT1_3_6_V   |     array    |
|WEIGHT1_3_6_V_ce0       | out |    1|  ap_memory |    WEIGHT1_3_6_V   |     array    |
|WEIGHT1_3_6_V_we0       | out |    1|  ap_memory |    WEIGHT1_3_6_V   |     array    |
|WEIGHT1_3_6_V_d0        | out |    8|  ap_memory |    WEIGHT1_3_6_V   |     array    |
|WEIGHT1_4_0_V_address0  | out |    7|  ap_memory |    WEIGHT1_4_0_V   |     array    |
|WEIGHT1_4_0_V_ce0       | out |    1|  ap_memory |    WEIGHT1_4_0_V   |     array    |
|WEIGHT1_4_0_V_we0       | out |    1|  ap_memory |    WEIGHT1_4_0_V   |     array    |
|WEIGHT1_4_0_V_d0        | out |    8|  ap_memory |    WEIGHT1_4_0_V   |     array    |
|WEIGHT1_4_1_V_address0  | out |    7|  ap_memory |    WEIGHT1_4_1_V   |     array    |
|WEIGHT1_4_1_V_ce0       | out |    1|  ap_memory |    WEIGHT1_4_1_V   |     array    |
|WEIGHT1_4_1_V_we0       | out |    1|  ap_memory |    WEIGHT1_4_1_V   |     array    |
|WEIGHT1_4_1_V_d0        | out |    8|  ap_memory |    WEIGHT1_4_1_V   |     array    |
|WEIGHT1_4_2_V_address0  | out |    7|  ap_memory |    WEIGHT1_4_2_V   |     array    |
|WEIGHT1_4_2_V_ce0       | out |    1|  ap_memory |    WEIGHT1_4_2_V   |     array    |
|WEIGHT1_4_2_V_we0       | out |    1|  ap_memory |    WEIGHT1_4_2_V   |     array    |
|WEIGHT1_4_2_V_d0        | out |    8|  ap_memory |    WEIGHT1_4_2_V   |     array    |
|WEIGHT1_4_3_V_address0  | out |    7|  ap_memory |    WEIGHT1_4_3_V   |     array    |
|WEIGHT1_4_3_V_ce0       | out |    1|  ap_memory |    WEIGHT1_4_3_V   |     array    |
|WEIGHT1_4_3_V_we0       | out |    1|  ap_memory |    WEIGHT1_4_3_V   |     array    |
|WEIGHT1_4_3_V_d0        | out |    8|  ap_memory |    WEIGHT1_4_3_V   |     array    |
|WEIGHT1_4_4_V_address0  | out |    7|  ap_memory |    WEIGHT1_4_4_V   |     array    |
|WEIGHT1_4_4_V_ce0       | out |    1|  ap_memory |    WEIGHT1_4_4_V   |     array    |
|WEIGHT1_4_4_V_we0       | out |    1|  ap_memory |    WEIGHT1_4_4_V   |     array    |
|WEIGHT1_4_4_V_d0        | out |    8|  ap_memory |    WEIGHT1_4_4_V   |     array    |
|WEIGHT1_4_5_V_address0  | out |    7|  ap_memory |    WEIGHT1_4_5_V   |     array    |
|WEIGHT1_4_5_V_ce0       | out |    1|  ap_memory |    WEIGHT1_4_5_V   |     array    |
|WEIGHT1_4_5_V_we0       | out |    1|  ap_memory |    WEIGHT1_4_5_V   |     array    |
|WEIGHT1_4_5_V_d0        | out |    8|  ap_memory |    WEIGHT1_4_5_V   |     array    |
|WEIGHT1_4_6_V_address0  | out |    7|  ap_memory |    WEIGHT1_4_6_V   |     array    |
|WEIGHT1_4_6_V_ce0       | out |    1|  ap_memory |    WEIGHT1_4_6_V   |     array    |
|WEIGHT1_4_6_V_we0       | out |    1|  ap_memory |    WEIGHT1_4_6_V   |     array    |
|WEIGHT1_4_6_V_d0        | out |    8|  ap_memory |    WEIGHT1_4_6_V   |     array    |
|WEIGHT1_5_0_V_address0  | out |    7|  ap_memory |    WEIGHT1_5_0_V   |     array    |
|WEIGHT1_5_0_V_ce0       | out |    1|  ap_memory |    WEIGHT1_5_0_V   |     array    |
|WEIGHT1_5_0_V_we0       | out |    1|  ap_memory |    WEIGHT1_5_0_V   |     array    |
|WEIGHT1_5_0_V_d0        | out |    8|  ap_memory |    WEIGHT1_5_0_V   |     array    |
|WEIGHT1_5_1_V_address0  | out |    7|  ap_memory |    WEIGHT1_5_1_V   |     array    |
|WEIGHT1_5_1_V_ce0       | out |    1|  ap_memory |    WEIGHT1_5_1_V   |     array    |
|WEIGHT1_5_1_V_we0       | out |    1|  ap_memory |    WEIGHT1_5_1_V   |     array    |
|WEIGHT1_5_1_V_d0        | out |    8|  ap_memory |    WEIGHT1_5_1_V   |     array    |
|WEIGHT1_5_2_V_address0  | out |    7|  ap_memory |    WEIGHT1_5_2_V   |     array    |
|WEIGHT1_5_2_V_ce0       | out |    1|  ap_memory |    WEIGHT1_5_2_V   |     array    |
|WEIGHT1_5_2_V_we0       | out |    1|  ap_memory |    WEIGHT1_5_2_V   |     array    |
|WEIGHT1_5_2_V_d0        | out |    8|  ap_memory |    WEIGHT1_5_2_V   |     array    |
|WEIGHT1_5_3_V_address0  | out |    7|  ap_memory |    WEIGHT1_5_3_V   |     array    |
|WEIGHT1_5_3_V_ce0       | out |    1|  ap_memory |    WEIGHT1_5_3_V   |     array    |
|WEIGHT1_5_3_V_we0       | out |    1|  ap_memory |    WEIGHT1_5_3_V   |     array    |
|WEIGHT1_5_3_V_d0        | out |    8|  ap_memory |    WEIGHT1_5_3_V   |     array    |
|WEIGHT1_5_4_V_address0  | out |    7|  ap_memory |    WEIGHT1_5_4_V   |     array    |
|WEIGHT1_5_4_V_ce0       | out |    1|  ap_memory |    WEIGHT1_5_4_V   |     array    |
|WEIGHT1_5_4_V_we0       | out |    1|  ap_memory |    WEIGHT1_5_4_V   |     array    |
|WEIGHT1_5_4_V_d0        | out |    8|  ap_memory |    WEIGHT1_5_4_V   |     array    |
|WEIGHT1_5_5_V_address0  | out |    7|  ap_memory |    WEIGHT1_5_5_V   |     array    |
|WEIGHT1_5_5_V_ce0       | out |    1|  ap_memory |    WEIGHT1_5_5_V   |     array    |
|WEIGHT1_5_5_V_we0       | out |    1|  ap_memory |    WEIGHT1_5_5_V   |     array    |
|WEIGHT1_5_5_V_d0        | out |    8|  ap_memory |    WEIGHT1_5_5_V   |     array    |
|WEIGHT1_5_6_V_address0  | out |    7|  ap_memory |    WEIGHT1_5_6_V   |     array    |
|WEIGHT1_5_6_V_ce0       | out |    1|  ap_memory |    WEIGHT1_5_6_V   |     array    |
|WEIGHT1_5_6_V_we0       | out |    1|  ap_memory |    WEIGHT1_5_6_V   |     array    |
|WEIGHT1_5_6_V_d0        | out |    8|  ap_memory |    WEIGHT1_5_6_V   |     array    |
|WEIGHT1_6_0_V_address0  | out |    7|  ap_memory |    WEIGHT1_6_0_V   |     array    |
|WEIGHT1_6_0_V_ce0       | out |    1|  ap_memory |    WEIGHT1_6_0_V   |     array    |
|WEIGHT1_6_0_V_we0       | out |    1|  ap_memory |    WEIGHT1_6_0_V   |     array    |
|WEIGHT1_6_0_V_d0        | out |    8|  ap_memory |    WEIGHT1_6_0_V   |     array    |
|WEIGHT1_6_1_V_address0  | out |    7|  ap_memory |    WEIGHT1_6_1_V   |     array    |
|WEIGHT1_6_1_V_ce0       | out |    1|  ap_memory |    WEIGHT1_6_1_V   |     array    |
|WEIGHT1_6_1_V_we0       | out |    1|  ap_memory |    WEIGHT1_6_1_V   |     array    |
|WEIGHT1_6_1_V_d0        | out |    8|  ap_memory |    WEIGHT1_6_1_V   |     array    |
|WEIGHT1_6_2_V_address0  | out |    7|  ap_memory |    WEIGHT1_6_2_V   |     array    |
|WEIGHT1_6_2_V_ce0       | out |    1|  ap_memory |    WEIGHT1_6_2_V   |     array    |
|WEIGHT1_6_2_V_we0       | out |    1|  ap_memory |    WEIGHT1_6_2_V   |     array    |
|WEIGHT1_6_2_V_d0        | out |    8|  ap_memory |    WEIGHT1_6_2_V   |     array    |
|WEIGHT1_6_3_V_address0  | out |    7|  ap_memory |    WEIGHT1_6_3_V   |     array    |
|WEIGHT1_6_3_V_ce0       | out |    1|  ap_memory |    WEIGHT1_6_3_V   |     array    |
|WEIGHT1_6_3_V_we0       | out |    1|  ap_memory |    WEIGHT1_6_3_V   |     array    |
|WEIGHT1_6_3_V_d0        | out |    8|  ap_memory |    WEIGHT1_6_3_V   |     array    |
|WEIGHT1_6_4_V_address0  | out |    7|  ap_memory |    WEIGHT1_6_4_V   |     array    |
|WEIGHT1_6_4_V_ce0       | out |    1|  ap_memory |    WEIGHT1_6_4_V   |     array    |
|WEIGHT1_6_4_V_we0       | out |    1|  ap_memory |    WEIGHT1_6_4_V   |     array    |
|WEIGHT1_6_4_V_d0        | out |    8|  ap_memory |    WEIGHT1_6_4_V   |     array    |
|WEIGHT1_6_5_V_address0  | out |    7|  ap_memory |    WEIGHT1_6_5_V   |     array    |
|WEIGHT1_6_5_V_ce0       | out |    1|  ap_memory |    WEIGHT1_6_5_V   |     array    |
|WEIGHT1_6_5_V_we0       | out |    1|  ap_memory |    WEIGHT1_6_5_V   |     array    |
|WEIGHT1_6_5_V_d0        | out |    8|  ap_memory |    WEIGHT1_6_5_V   |     array    |
|WEIGHT1_6_6_V_address0  | out |    7|  ap_memory |    WEIGHT1_6_6_V   |     array    |
|WEIGHT1_6_6_V_ce0       | out |    1|  ap_memory |    WEIGHT1_6_6_V   |     array    |
|WEIGHT1_6_6_V_we0       | out |    1|  ap_memory |    WEIGHT1_6_6_V   |     array    |
|WEIGHT1_6_6_V_d0        | out |    8|  ap_memory |    WEIGHT1_6_6_V   |     array    |
|WEIGHT1_7_0_V_address0  | out |    7|  ap_memory |    WEIGHT1_7_0_V   |     array    |
|WEIGHT1_7_0_V_ce0       | out |    1|  ap_memory |    WEIGHT1_7_0_V   |     array    |
|WEIGHT1_7_0_V_we0       | out |    1|  ap_memory |    WEIGHT1_7_0_V   |     array    |
|WEIGHT1_7_0_V_d0        | out |    8|  ap_memory |    WEIGHT1_7_0_V   |     array    |
|WEIGHT1_7_1_V_address0  | out |    7|  ap_memory |    WEIGHT1_7_1_V   |     array    |
|WEIGHT1_7_1_V_ce0       | out |    1|  ap_memory |    WEIGHT1_7_1_V   |     array    |
|WEIGHT1_7_1_V_we0       | out |    1|  ap_memory |    WEIGHT1_7_1_V   |     array    |
|WEIGHT1_7_1_V_d0        | out |    8|  ap_memory |    WEIGHT1_7_1_V   |     array    |
|WEIGHT1_7_2_V_address0  | out |    7|  ap_memory |    WEIGHT1_7_2_V   |     array    |
|WEIGHT1_7_2_V_ce0       | out |    1|  ap_memory |    WEIGHT1_7_2_V   |     array    |
|WEIGHT1_7_2_V_we0       | out |    1|  ap_memory |    WEIGHT1_7_2_V   |     array    |
|WEIGHT1_7_2_V_d0        | out |    8|  ap_memory |    WEIGHT1_7_2_V   |     array    |
|WEIGHT1_7_3_V_address0  | out |    7|  ap_memory |    WEIGHT1_7_3_V   |     array    |
|WEIGHT1_7_3_V_ce0       | out |    1|  ap_memory |    WEIGHT1_7_3_V   |     array    |
|WEIGHT1_7_3_V_we0       | out |    1|  ap_memory |    WEIGHT1_7_3_V   |     array    |
|WEIGHT1_7_3_V_d0        | out |    8|  ap_memory |    WEIGHT1_7_3_V   |     array    |
|WEIGHT1_7_4_V_address0  | out |    7|  ap_memory |    WEIGHT1_7_4_V   |     array    |
|WEIGHT1_7_4_V_ce0       | out |    1|  ap_memory |    WEIGHT1_7_4_V   |     array    |
|WEIGHT1_7_4_V_we0       | out |    1|  ap_memory |    WEIGHT1_7_4_V   |     array    |
|WEIGHT1_7_4_V_d0        | out |    8|  ap_memory |    WEIGHT1_7_4_V   |     array    |
|WEIGHT1_7_5_V_address0  | out |    7|  ap_memory |    WEIGHT1_7_5_V   |     array    |
|WEIGHT1_7_5_V_ce0       | out |    1|  ap_memory |    WEIGHT1_7_5_V   |     array    |
|WEIGHT1_7_5_V_we0       | out |    1|  ap_memory |    WEIGHT1_7_5_V   |     array    |
|WEIGHT1_7_5_V_d0        | out |    8|  ap_memory |    WEIGHT1_7_5_V   |     array    |
|WEIGHT1_7_6_V_address0  | out |    7|  ap_memory |    WEIGHT1_7_6_V   |     array    |
|WEIGHT1_7_6_V_ce0       | out |    1|  ap_memory |    WEIGHT1_7_6_V   |     array    |
|WEIGHT1_7_6_V_we0       | out |    1|  ap_memory |    WEIGHT1_7_6_V   |     array    |
|WEIGHT1_7_6_V_d0        | out |    8|  ap_memory |    WEIGHT1_7_6_V   |     array    |
|custom_k                |  in |   32|   ap_none  |      custom_k      |    scalar    |
+------------------------+-----+-----+------------+--------------------+--------------+

