

================================================================
== Vivado HLS Report for 'LOAD_IFM'
================================================================
* Date:           Fri Aug  2 15:40:43 2019

* Version:        2018.2 (Build 2258646 on Thu Jun 14 20:25:20 MDT 2018)
* Project:        LURAM-Test
* Solution:       solution2
* Product family: zynquplus
* Target device:  xczu9eg-ffvb1156-2-i


================================================================
== Performance Estimates
================================================================
+ Timing (ns): 
    * Summary: 
    +--------+-------+----------+------------+
    |  Clock | Target| Estimated| Uncertainty|
    +--------+-------+----------+------------+
    |ap_clk  |  10.00|     6.722|        1.25|
    +--------+-------+----------+------------+

+ Latency (clock cycles): 
    * Summary: 
    +-----+-----+-----+-----+---------+
    |  Latency  |  Interval | Pipeline|
    | min | max | min | max |   Type  |
    +-----+-----+-----+-----+---------+
    |    ?|    ?|    ?|    ?|   none  |
    +-----+-----+-----+-----+---------+

    + Detail: 
        * Instance: 
        N/A

        * Loop: 
        +----------+-----+-----+----------+-----------+-----------+------+----------+
        |          |  Latency  | Iteration|  Initiation Interval  | Trip |          |
        | Loop Name| min | max |  Latency |  achieved |   target  | Count| Pipelined|
        +----------+-----+-----+----------+-----------+-----------+------+----------+
        |- Loop 1  |    ?|    ?|         1|          1|          1|     ?|    yes   |
        +----------+-----+-----+----------+-----------+-----------+------+----------+



================================================================
== Utilization Estimates
================================================================
* Summary: 
+-----------------+---------+-------+--------+--------+-----+
|       Name      | BRAM_18K| DSP48E|   FF   |   LUT  | URAM|
+-----------------+---------+-------+--------+--------+-----+
|DSP              |        -|      1|       -|       -|    -|
|Expression       |        -|      3|       0|     621|    -|
|FIFO             |        -|      -|       -|       -|    -|
|Instance         |        -|      -|       -|       -|    -|
|Memory           |        -|      -|       -|       -|    -|
|Multiplexer      |        -|      -|       -|      75|    -|
|Register         |        -|      -|     327|       -|    -|
+-----------------+---------+-------+--------+--------+-----+
|Total            |        0|      4|     327|     696|    0|
+-----------------+---------+-------+--------+--------+-----+
|Available        |     1824|   2520|  548160|  274080|    0|
+-----------------+---------+-------+--------+--------+-----+
|Utilization (%)  |        0|   ~0  |   ~0   |   ~0   |    0|
+-----------------+---------+-------+--------+--------+-----+

+ Detail: 
    * Instance: 
    N/A

    * DSP48: 
    +---------------------------+----------------------+--------------+
    |          Instance         |        Module        |  Expression  |
    +---------------------------+----------------------+--------------+
    |top_mac_muladd_5ncud_U454  |top_mac_muladd_5ncud  | i0 * i1 + i2 |
    +---------------------------+----------------------+--------------+

    * Memory: 
    N/A

    * FIFO: 
    N/A

    * Expression: 
    +--------------------------------+----------+-------+---+----+------------+------------+
    |          Variable Name         | Operation| DSP48E| FF| LUT| Bitwidth P0| Bitwidth P1|
    +--------------------------------+----------+-------+---+----+------------+------------+
    |bound_fu_258_p2                 |     *    |      3|  0|  20|          32|          32|
    |i_5_fu_298_p2                   |     +    |      0|  0|  11|           1|           3|
    |indvar_flatten_next5_fu_292_p2  |     +    |      0|  0|  73|          66|           1|
    |indvar_flatten_op_fu_479_p2     |     +    |      0|  0|  71|          64|           1|
    |j_4_fu_380_p2                   |     +    |      0|  0|  38|           1|          31|
    |m_2_fu_473_p2                   |     +    |      0|  0|  38|          31|           1|
    |tmp_t_mid1_fu_345_p2            |     +    |      0|  0|  11|           3|           3|
    |ap_block_state2                 |    and   |      0|  0|   2|           1|           1|
    |exitcond_flatten5_fu_287_p2     |   icmp   |      0|  0|  50|          66|          66|
    |exitcond_flatten_fu_304_p2      |   icmp   |      0|  0|  29|          64|          64|
    |tmp_19_mid1_fu_325_p2           |   icmp   |      0|  0|   9|           3|           2|
    |tmp_20_fu_282_p2                |   icmp   |      0|  0|  20|          32|          32|
    |tmp_22_mid_fu_272_p2            |   icmp   |      0|  0|  20|          32|           1|
    |tmp_s_fu_331_p2                 |   icmp   |      0|  0|   9|           3|           2|
    |grp_fu_493_p1                   |  select  |      0|  0|   9|           1|           9|
    |i_mid2_fu_372_p3                |  select  |      0|  0|   3|           1|           3|
    |indvar_flatten_next_fu_485_p3   |  select  |      0|  0|  64|           1|           1|
    |j_mid2_fu_418_p3                |  select  |      0|  0|  31|           1|          31|
    |j_mid_fu_309_p3                 |  select  |      0|  0|  31|           1|           1|
    |m_mid2_fu_386_p3                |  select  |      0|  0|  31|           1|          31|
    |m_mid_fu_317_p3                 |  select  |      0|  0|  31|           1|           1|
    |tmp_19_mid2_fu_337_p3           |  select  |      0|  0|   2|           1|           1|
    |tmp_22_mid1_fu_365_p3           |  select  |      0|  0|   2|           1|           1|
    |tmp_33_fu_398_p3                |  select  |      0|  0|   9|           1|           1|
    |tmp_t_mid2_fu_357_p3            |  select  |      0|  0|   3|           1|           3|
    |tmp_t_fu_351_p2                 |    xor   |      0|  0|   4|           3|           4|
    +--------------------------------+----------+-------+---+----+------------+------------+
    |Total                           |          |      3|  0| 621|         413|         327|
    +--------------------------------+----------+-------+---+----+------------+------------+

    * Multiplexer: 
    +-------------------------+----+-----------+-----+-----------+
    |           Name          | LUT| Input Size| Bits| Total Bits|
    +-------------------------+----+-----------+-----+-----------+
    |ap_NS_fsm                |  21|          4|    1|          4|
    |i_reg_206                |   9|          2|    3|          6|
    |indvar_flatten5_reg_195  |   9|          2|   66|        132|
    |indvar_flatten_reg_217   |   9|          2|   64|        128|
    |input_dma_I_TDATA_blk_n  |   9|          2|    1|          2|
    |j_reg_228                |   9|          2|   31|         62|
    |m_reg_239                |   9|          2|   31|         62|
    +-------------------------+----+-----------+-----+-----------+
    |Total                    |  75|         16|  197|        396|
    +-------------------------+----+-----------+-----+-----------+

    * Register: 
    +-------------------------+----+----+-----+-----------+
    |           Name          | FF | LUT| Bits| Const Bits|
    +-------------------------+----+----+-----+-----------+
    |ap_CS_fsm                |   3|   0|    3|          0|
    |bound_reg_507            |  64|   0|   64|          0|
    |i_reg_206                |   3|   0|    3|          0|
    |indvar_flatten5_reg_195  |  66|   0|   66|          0|
    |indvar_flatten_reg_217   |  64|   0|   64|          0|
    |j_reg_228                |  31|   0|   31|          0|
    |m_reg_239                |  31|   0|   31|          0|
    |tmp_22_mid_reg_517       |   1|   0|    1|          0|
    |tmp_reg_512              |  64|   0|   66|          2|
    +-------------------------+----+----+-----+-----------+
    |Total                    | 327|   0|  329|          2|
    +-------------------------+----+----+-----+-----------+



================================================================
== Interface
================================================================
* Summary: 
+--------------------+-----+-----+------------+--------------------+--------------+
|      RTL Ports     | Dir | Bits|  Protocol  |    Source Object   |    C Type    |
+--------------------+-----+-----+------------+--------------------+--------------+
|ap_clk              |  in |    1| ap_ctrl_hs |      LOAD_IFM      | return value |
|ap_rst              |  in |    1| ap_ctrl_hs |      LOAD_IFM      | return value |
|ap_start            |  in |    1| ap_ctrl_hs |      LOAD_IFM      | return value |
|ap_done             | out |    1| ap_ctrl_hs |      LOAD_IFM      | return value |
|ap_idle             | out |    1| ap_ctrl_hs |      LOAD_IFM      | return value |
|ap_ready            | out |    1| ap_ctrl_hs |      LOAD_IFM      | return value |
|input_dma_I_TDATA   |  in |   64|    axis    | input_dma_I_V_data |    pointer   |
|input_dma_I_TVALID  |  in |    1|    axis    | input_dma_I_V_data |    pointer   |
|input_dma_I_TREADY  | out |    1|    axis    | input_dma_I_V_last |    pointer   |
|input_dma_I_TLAST   |  in |    1|    axis    | input_dma_I_V_last |    pointer   |
|IFM_0_address0      | out |    8|  ap_memory |        IFM_0       |     array    |
|IFM_0_ce0           | out |    1|  ap_memory |        IFM_0       |     array    |
|IFM_0_we0           | out |    1|  ap_memory |        IFM_0       |     array    |
|IFM_0_d0            | out |   32|  ap_memory |        IFM_0       |     array    |
|IFM_1_address0      | out |    8|  ap_memory |        IFM_1       |     array    |
|IFM_1_ce0           | out |    1|  ap_memory |        IFM_1       |     array    |
|IFM_1_we0           | out |    1|  ap_memory |        IFM_1       |     array    |
|IFM_1_d0            | out |   32|  ap_memory |        IFM_1       |     array    |
|IFM_2_address0      | out |    8|  ap_memory |        IFM_2       |     array    |
|IFM_2_ce0           | out |    1|  ap_memory |        IFM_2       |     array    |
|IFM_2_we0           | out |    1|  ap_memory |        IFM_2       |     array    |
|IFM_2_d0            | out |   32|  ap_memory |        IFM_2       |     array    |
|IFM_3_address0      | out |    8|  ap_memory |        IFM_3       |     array    |
|IFM_3_ce0           | out |    1|  ap_memory |        IFM_3       |     array    |
|IFM_3_we0           | out |    1|  ap_memory |        IFM_3       |     array    |
|IFM_3_d0            | out |   32|  ap_memory |        IFM_3       |     array    |
|IFM_4_address0      | out |    8|  ap_memory |        IFM_4       |     array    |
|IFM_4_ce0           | out |    1|  ap_memory |        IFM_4       |     array    |
|IFM_4_we0           | out |    1|  ap_memory |        IFM_4       |     array    |
|IFM_4_d0            | out |   32|  ap_memory |        IFM_4       |     array    |
|IFM_5_address0      | out |    8|  ap_memory |        IFM_5       |     array    |
|IFM_5_ce0           | out |    1|  ap_memory |        IFM_5       |     array    |
|IFM_5_we0           | out |    1|  ap_memory |        IFM_5       |     array    |
|IFM_5_d0            | out |   32|  ap_memory |        IFM_5       |     array    |
|IFM_6_address0      | out |    8|  ap_memory |        IFM_6       |     array    |
|IFM_6_ce0           | out |    1|  ap_memory |        IFM_6       |     array    |
|IFM_6_we0           | out |    1|  ap_memory |        IFM_6       |     array    |
|IFM_6_d0            | out |   32|  ap_memory |        IFM_6       |     array    |
|custom_Tr           |  in |   32|   ap_none  |      custom_Tr     |    scalar    |
|custom_Tc           |  in |   32|   ap_none  |      custom_Tc     |    scalar    |
+--------------------+-----+-----+------------+--------------------+--------------+

