

================================================================
== Vivado HLS Report for 'top'
================================================================
* Date:           Fri Aug  2 16:01:40 2019

* Version:        2018.2 (Build 2258646 on Thu Jun 14 20:25:20 MDT 2018)
* Project:        LURAM-Test
* Solution:       solution2
* Product family: zynquplus
* Target device:  xczu9eg-ffvb1156-2-i


================================================================
== Performance Estimates
================================================================
+ Timing (ns): 
    * Summary: 
    +--------+-------+----------+------------+
    |  Clock | Target| Estimated| Uncertainty|
    +--------+-------+----------+------------+
    |ap_clk  |  10.00|     8.606|        1.25|
    +--------+-------+----------+------------+

+ Latency (clock cycles): 
    * Summary: 
    +-----+-----+-----+-----+---------+
    |  Latency  |  Interval | Pipeline|
    | min | max | min | max |   Type  |
    +-----+-----+-----+-----+---------+
    |    ?|    ?|    ?|    ?|   none  |
    +-----+-----+-----+-----+---------+

    + Detail: 
        * Instance: 
        +-----------------------+-----------+-----+-----+-----+-----+---------+
        |                       |           |  Latency  |  Interval | Pipeline|
        |        Instance       |   Module  | min | max | min | max |   Type  |
        +-----------------------+-----------+-----+-----+-----+-----+---------+
        |grp_Load_Fire_fu_2190  |Load_Fire  |    ?|    ?|    ?|    ?|   none  |
        |grp_OFM_STORE_fu_4226  |OFM_STORE  |    ?|    ?|    ?|    ?|   none  |
        +-----------------------+-----------+-----+-----+-----+-----+---------+

        * Loop: 
        N/A



================================================================
== Utilization Estimates
================================================================
* Summary: 
+-----------------+---------+-------+--------+--------+-----+
|       Name      | BRAM_18K| DSP48E|   FF   |   LUT  | URAM|
+-----------------+---------+-------+--------+--------+-----+
|DSP              |        -|      -|       -|       -|    -|
|Expression       |        -|      -|       0|     100|    -|
|FIFO             |        -|      -|       -|       -|    -|
|Instance         |      928|   2303|  209006|  209228|    -|
|Memory           |      130|      -|       0|       0|    -|
|Multiplexer      |        -|      -|       -|   13782|    -|
|Register         |        -|      -|     686|       -|    -|
+-----------------+---------+-------+--------+--------+-----+
|Total            |     1058|   2303|  209692|  223110|    0|
+-----------------+---------+-------+--------+--------+-----+
|Available        |     1824|   2520|  548160|  274080|    0|
+-----------------+---------+-------+--------+--------+-----+
|Utilization (%)  |       58|     91|      38|      81|    0|
+-----------------+---------+-------+--------+--------+-----+

+ Detail: 
    * Instance: 
    +-----------------------+--------------------+---------+-------+--------+--------+
    |        Instance       |       Module       | BRAM_18K| DSP48E|   FF   |   LUT  |
    +-----------------------+--------------------+---------+-------+--------+--------+
    |grp_Load_Fire_fu_2190  |Load_Fire           |      928|   2294|  207400|  206586|
    |grp_OFM_STORE_fu_4226  |OFM_STORE           |        0|      9|    1266|    2090|
    |top_CRTL_BUS_s_axi_U   |top_CRTL_BUS_s_axi  |        0|      0|     340|     552|
    +-----------------------+--------------------+---------+-------+--------+--------+
    |Total                  |                    |      928|   2303|  209006|  209228|
    +-----------------------+--------------------+---------+-------+--------+--------+

    * DSP48: 
    N/A

    * Memory: 
    +-------------+-------------+---------+---+----+------+-----+------+-------------+
    |    Memory   |    Module   | BRAM_18K| FF| LUT| Words| Bits| Banks| W*Bits*Banks|
    +-------------+-------------+---------+---+----+------+-----+------+-------------+
    |BIAS_DB_U    |top_BIAS_DB  |        1|  0|   0|    64|   32|     1|         2048|
    |BIAS_U       |top_BIAS_DB  |        1|  0|   0|    64|   32|     1|         2048|
    |OFM_0_U      |top_OFM_0    |        1|  0|   0|   169|   32|     1|         5408|
    |OFM_1_U      |top_OFM_0    |        1|  0|   0|   169|   32|     1|         5408|
    |OFM_2_U      |top_OFM_0    |        1|  0|   0|   169|   32|     1|         5408|
    |OFM_3_U      |top_OFM_0    |        1|  0|   0|   169|   32|     1|         5408|
    |OFM_4_U      |top_OFM_0    |        1|  0|   0|   169|   32|     1|         5408|
    |OFM_5_U      |top_OFM_0    |        1|  0|   0|   169|   32|     1|         5408|
    |OFM_6_U      |top_OFM_0    |        1|  0|   0|   169|   32|     1|         5408|
    |OFM_7_U      |top_OFM_0    |        1|  0|   0|   169|   32|     1|         5408|
    |OFM_8_U      |top_OFM_0    |        1|  0|   0|   169|   32|     1|         5408|
    |OFM_9_U      |top_OFM_0    |        1|  0|   0|   169|   32|     1|         5408|
    |OFM_10_U     |top_OFM_0    |        1|  0|   0|   169|   32|     1|         5408|
    |OFM_11_U     |top_OFM_0    |        1|  0|   0|   169|   32|     1|         5408|
    |OFM_12_U     |top_OFM_0    |        1|  0|   0|   169|   32|     1|         5408|
    |OFM_13_U     |top_OFM_0    |        1|  0|   0|   169|   32|     1|         5408|
    |OFM_14_U     |top_OFM_0    |        1|  0|   0|   169|   32|     1|         5408|
    |OFM_15_U     |top_OFM_0    |        1|  0|   0|   169|   32|     1|         5408|
    |OFM_16_U     |top_OFM_0    |        1|  0|   0|   169|   32|     1|         5408|
    |OFM_17_U     |top_OFM_0    |        1|  0|   0|   169|   32|     1|         5408|
    |OFM_18_U     |top_OFM_0    |        1|  0|   0|   169|   32|     1|         5408|
    |OFM_19_U     |top_OFM_0    |        1|  0|   0|   169|   32|     1|         5408|
    |OFM_20_U     |top_OFM_0    |        1|  0|   0|   169|   32|     1|         5408|
    |OFM_21_U     |top_OFM_0    |        1|  0|   0|   169|   32|     1|         5408|
    |OFM_22_U     |top_OFM_0    |        1|  0|   0|   169|   32|     1|         5408|
    |OFM_23_U     |top_OFM_0    |        1|  0|   0|   169|   32|     1|         5408|
    |OFM_24_U     |top_OFM_0    |        1|  0|   0|   169|   32|     1|         5408|
    |OFM_25_U     |top_OFM_0    |        1|  0|   0|   169|   32|     1|         5408|
    |OFM_26_U     |top_OFM_0    |        1|  0|   0|   169|   32|     1|         5408|
    |OFM_27_U     |top_OFM_0    |        1|  0|   0|   169|   32|     1|         5408|
    |OFM_28_U     |top_OFM_0    |        1|  0|   0|   169|   32|     1|         5408|
    |OFM_29_U     |top_OFM_0    |        1|  0|   0|   169|   32|     1|         5408|
    |OFM_30_U     |top_OFM_0    |        1|  0|   0|   169|   32|     1|         5408|
    |OFM_31_U     |top_OFM_0    |        1|  0|   0|   169|   32|     1|         5408|
    |OFM_32_U     |top_OFM_0    |        1|  0|   0|   169|   32|     1|         5408|
    |OFM_33_U     |top_OFM_0    |        1|  0|   0|   169|   32|     1|         5408|
    |OFM_34_U     |top_OFM_0    |        1|  0|   0|   169|   32|     1|         5408|
    |OFM_35_U     |top_OFM_0    |        1|  0|   0|   169|   32|     1|         5408|
    |OFM_36_U     |top_OFM_0    |        1|  0|   0|   169|   32|     1|         5408|
    |OFM_37_U     |top_OFM_0    |        1|  0|   0|   169|   32|     1|         5408|
    |OFM_38_U     |top_OFM_0    |        1|  0|   0|   169|   32|     1|         5408|
    |OFM_39_U     |top_OFM_0    |        1|  0|   0|   169|   32|     1|         5408|
    |OFM_40_U     |top_OFM_0    |        1|  0|   0|   169|   32|     1|         5408|
    |OFM_41_U     |top_OFM_0    |        1|  0|   0|   169|   32|     1|         5408|
    |OFM_42_U     |top_OFM_0    |        1|  0|   0|   169|   32|     1|         5408|
    |OFM_43_U     |top_OFM_0    |        1|  0|   0|   169|   32|     1|         5408|
    |OFM_44_U     |top_OFM_0    |        1|  0|   0|   169|   32|     1|         5408|
    |OFM_45_U     |top_OFM_0    |        1|  0|   0|   169|   32|     1|         5408|
    |OFM_46_U     |top_OFM_0    |        1|  0|   0|   169|   32|     1|         5408|
    |OFM_47_U     |top_OFM_0    |        1|  0|   0|   169|   32|     1|         5408|
    |OFM_48_U     |top_OFM_0    |        1|  0|   0|   169|   32|     1|         5408|
    |OFM_49_U     |top_OFM_0    |        1|  0|   0|   169|   32|     1|         5408|
    |OFM_50_U     |top_OFM_0    |        1|  0|   0|   169|   32|     1|         5408|
    |OFM_51_U     |top_OFM_0    |        1|  0|   0|   169|   32|     1|         5408|
    |OFM_52_U     |top_OFM_0    |        1|  0|   0|   169|   32|     1|         5408|
    |OFM_53_U     |top_OFM_0    |        1|  0|   0|   169|   32|     1|         5408|
    |OFM_54_U     |top_OFM_0    |        1|  0|   0|   169|   32|     1|         5408|
    |OFM_55_U     |top_OFM_0    |        1|  0|   0|   169|   32|     1|         5408|
    |OFM_56_U     |top_OFM_0    |        1|  0|   0|   169|   32|     1|         5408|
    |OFM_57_U     |top_OFM_0    |        1|  0|   0|   169|   32|     1|         5408|
    |OFM_58_U     |top_OFM_0    |        1|  0|   0|   169|   32|     1|         5408|
    |OFM_59_U     |top_OFM_0    |        1|  0|   0|   169|   32|     1|         5408|
    |OFM_60_U     |top_OFM_0    |        1|  0|   0|   169|   32|     1|         5408|
    |OFM_61_U     |top_OFM_0    |        1|  0|   0|   169|   32|     1|         5408|
    |OFM_62_U     |top_OFM_0    |        1|  0|   0|   169|   32|     1|         5408|
    |OFM_63_U     |top_OFM_0    |        1|  0|   0|   169|   32|     1|         5408|
    |OFM_DB_0_U   |top_OFM_0    |        1|  0|   0|   169|   32|     1|         5408|
    |OFM_DB_1_U   |top_OFM_0    |        1|  0|   0|   169|   32|     1|         5408|
    |OFM_DB_2_U   |top_OFM_0    |        1|  0|   0|   169|   32|     1|         5408|
    |OFM_DB_3_U   |top_OFM_0    |        1|  0|   0|   169|   32|     1|         5408|
    |OFM_DB_4_U   |top_OFM_0    |        1|  0|   0|   169|   32|     1|         5408|
    |OFM_DB_5_U   |top_OFM_0    |        1|  0|   0|   169|   32|     1|         5408|
    |OFM_DB_6_U   |top_OFM_0    |        1|  0|   0|   169|   32|     1|         5408|
    |OFM_DB_7_U   |top_OFM_0    |        1|  0|   0|   169|   32|     1|         5408|
    |OFM_DB_8_U   |top_OFM_0    |        1|  0|   0|   169|   32|     1|         5408|
    |OFM_DB_9_U   |top_OFM_0    |        1|  0|   0|   169|   32|     1|         5408|
    |OFM_DB_10_U  |top_OFM_0    |        1|  0|   0|   169|   32|     1|         5408|
    |OFM_DB_11_U  |top_OFM_0    |        1|  0|   0|   169|   32|     1|         5408|
    |OFM_DB_12_U  |top_OFM_0    |        1|  0|   0|   169|   32|     1|         5408|
    |OFM_DB_13_U  |top_OFM_0    |        1|  0|   0|   169|   32|     1|         5408|
    |OFM_DB_14_U  |top_OFM_0    |        1|  0|   0|   169|   32|     1|         5408|
    |OFM_DB_15_U  |top_OFM_0    |        1|  0|   0|   169|   32|     1|         5408|
    |OFM_DB_16_U  |top_OFM_0    |        1|  0|   0|   169|   32|     1|         5408|
    |OFM_DB_17_U  |top_OFM_0    |        1|  0|   0|   169|   32|     1|         5408|
    |OFM_DB_18_U  |top_OFM_0    |        1|  0|   0|   169|   32|     1|         5408|
    |OFM_DB_19_U  |top_OFM_0    |        1|  0|   0|   169|   32|     1|         5408|
    |OFM_DB_20_U  |top_OFM_0    |        1|  0|   0|   169|   32|     1|         5408|
    |OFM_DB_21_U  |top_OFM_0    |        1|  0|   0|   169|   32|     1|         5408|
    |OFM_DB_22_U  |top_OFM_0    |        1|  0|   0|   169|   32|     1|         5408|
    |OFM_DB_23_U  |top_OFM_0    |        1|  0|   0|   169|   32|     1|         5408|
    |OFM_DB_24_U  |top_OFM_0    |        1|  0|   0|   169|   32|     1|         5408|
    |OFM_DB_25_U  |top_OFM_0    |        1|  0|   0|   169|   32|     1|         5408|
    |OFM_DB_26_U  |top_OFM_0    |        1|  0|   0|   169|   32|     1|         5408|
    |OFM_DB_27_U  |top_OFM_0    |        1|  0|   0|   169|   32|     1|         5408|
    |OFM_DB_28_U  |top_OFM_0    |        1|  0|   0|   169|   32|     1|         5408|
    |OFM_DB_29_U  |top_OFM_0    |        1|  0|   0|   169|   32|     1|         5408|
    |OFM_DB_30_U  |top_OFM_0    |        1|  0|   0|   169|   32|     1|         5408|
    |OFM_DB_31_U  |top_OFM_0    |        1|  0|   0|   169|   32|     1|         5408|
    |OFM_DB_32_U  |top_OFM_0    |        1|  0|   0|   169|   32|     1|         5408|
    |OFM_DB_33_U  |top_OFM_0    |        1|  0|   0|   169|   32|     1|         5408|
    |OFM_DB_34_U  |top_OFM_0    |        1|  0|   0|   169|   32|     1|         5408|
    |OFM_DB_35_U  |top_OFM_0    |        1|  0|   0|   169|   32|     1|         5408|
    |OFM_DB_36_U  |top_OFM_0    |        1|  0|   0|   169|   32|     1|         5408|
    |OFM_DB_37_U  |top_OFM_0    |        1|  0|   0|   169|   32|     1|         5408|
    |OFM_DB_38_U  |top_OFM_0    |        1|  0|   0|   169|   32|     1|         5408|
    |OFM_DB_39_U  |top_OFM_0    |        1|  0|   0|   169|   32|     1|         5408|
    |OFM_DB_40_U  |top_OFM_0    |        1|  0|   0|   169|   32|     1|         5408|
    |OFM_DB_41_U  |top_OFM_0    |        1|  0|   0|   169|   32|     1|         5408|
    |OFM_DB_42_U  |top_OFM_0    |        1|  0|   0|   169|   32|     1|         5408|
    |OFM_DB_43_U  |top_OFM_0    |        1|  0|   0|   169|   32|     1|         5408|
    |OFM_DB_44_U  |top_OFM_0    |        1|  0|   0|   169|   32|     1|         5408|
    |OFM_DB_45_U  |top_OFM_0    |        1|  0|   0|   169|   32|     1|         5408|
    |OFM_DB_46_U  |top_OFM_0    |        1|  0|   0|   169|   32|     1|         5408|
    |OFM_DB_47_U  |top_OFM_0    |        1|  0|   0|   169|   32|     1|         5408|
    |OFM_DB_48_U  |top_OFM_0    |        1|  0|   0|   169|   32|     1|         5408|
    |OFM_DB_49_U  |top_OFM_0    |        1|  0|   0|   169|   32|     1|         5408|
    |OFM_DB_50_U  |top_OFM_0    |        1|  0|   0|   169|   32|     1|         5408|
    |OFM_DB_51_U  |top_OFM_0    |        1|  0|   0|   169|   32|     1|         5408|
    |OFM_DB_52_U  |top_OFM_0    |        1|  0|   0|   169|   32|     1|         5408|
    |OFM_DB_53_U  |top_OFM_0    |        1|  0|   0|   169|   32|     1|         5408|
    |OFM_DB_54_U  |top_OFM_0    |        1|  0|   0|   169|   32|     1|         5408|
    |OFM_DB_55_U  |top_OFM_0    |        1|  0|   0|   169|   32|     1|         5408|
    |OFM_DB_56_U  |top_OFM_0    |        1|  0|   0|   169|   32|     1|         5408|
    |OFM_DB_57_U  |top_OFM_0    |        1|  0|   0|   169|   32|     1|         5408|
    |OFM_DB_58_U  |top_OFM_0    |        1|  0|   0|   169|   32|     1|         5408|
    |OFM_DB_59_U  |top_OFM_0    |        1|  0|   0|   169|   32|     1|         5408|
    |OFM_DB_60_U  |top_OFM_0    |        1|  0|   0|   169|   32|     1|         5408|
    |OFM_DB_61_U  |top_OFM_0    |        1|  0|   0|   169|   32|     1|         5408|
    |OFM_DB_62_U  |top_OFM_0    |        1|  0|   0|   169|   32|     1|         5408|
    |OFM_DB_63_U  |top_OFM_0    |        1|  0|   0|   169|   32|     1|         5408|
    +-------------+-------------+---------+---+----+------+-----+------+-------------+
    |Total        |             |      130|  0|   0| 21760| 4160|   130|       696320|
    +-------------+-------------+---------+---+----+------+-----+------+-------------+

    * FIFO: 
    N/A

    * Expression: 
    +--------------------------------------+----------+-------+---+----+------------+------------+
    |             Variable Name            | Operation| DSP48E| FF| LUT| Bitwidth P0| Bitwidth P1|
    +--------------------------------------+----------+-------+---+----+------------+------------+
    |input_dma_B_V_data_0_load_A           |    and   |      0|  0|   2|           1|           1|
    |input_dma_B_V_data_0_load_B           |    and   |      0|  0|   2|           1|           1|
    |input_dma_B_V_last_0_load_A           |    and   |      0|  0|   2|           1|           1|
    |input_dma_B_V_last_0_load_B           |    and   |      0|  0|   2|           1|           1|
    |input_dma_I_V_data_0_load_A           |    and   |      0|  0|   2|           1|           1|
    |input_dma_I_V_data_0_load_B           |    and   |      0|  0|   2|           1|           1|
    |input_dma_I_V_last_0_load_A           |    and   |      0|  0|   2|           1|           1|
    |input_dma_I_V_last_0_load_B           |    and   |      0|  0|   2|           1|           1|
    |input_dma_W_V_data_0_load_A           |    and   |      0|  0|   2|           1|           1|
    |input_dma_W_V_data_0_load_B           |    and   |      0|  0|   2|           1|           1|
    |input_dma_W_V_last_0_load_A           |    and   |      0|  0|   2|           1|           1|
    |input_dma_W_V_last_0_load_B           |    and   |      0|  0|   2|           1|           1|
    |output_dma_O_V_data_1_load_A          |    and   |      0|  0|   2|           1|           1|
    |output_dma_O_V_data_1_load_B          |    and   |      0|  0|   2|           1|           1|
    |output_dma_O_V_last_1_load_A          |    and   |      0|  0|   2|           1|           1|
    |output_dma_O_V_last_1_load_B          |    and   |      0|  0|   2|           1|           1|
    |input_dma_B_V_data_0_state_cmp_full   |   icmp   |      0|  0|   8|           2|           1|
    |input_dma_B_V_last_0_state_cmp_full   |   icmp   |      0|  0|   8|           2|           1|
    |input_dma_I_V_data_0_state_cmp_full   |   icmp   |      0|  0|   8|           2|           1|
    |input_dma_I_V_last_0_state_cmp_full   |   icmp   |      0|  0|   8|           2|           1|
    |input_dma_W_V_data_0_state_cmp_full   |   icmp   |      0|  0|   8|           2|           1|
    |input_dma_W_V_last_0_state_cmp_full   |   icmp   |      0|  0|   8|           2|           1|
    |output_dma_O_V_data_1_state_cmp_full  |   icmp   |      0|  0|   8|           2|           1|
    |output_dma_O_V_last_1_state_cmp_full  |   icmp   |      0|  0|   8|           2|           1|
    |ap_block_state2_on_subcall_done       |    or    |      0|  0|   2|           1|           1|
    |ap_block_state4                       |    or    |      0|  0|   2|           1|           1|
    +--------------------------------------+----------+-------+---+----+------------+------------+
    |Total                                 |          |      0|  0| 100|          34|          26|
    +--------------------------------------+----------+-------+---+----+------------+------------+

    * Multiplexer: 
    +---------------------------------+-----+-----------+-----+-----------+
    |               Name              | LUT | Input Size| Bits| Total Bits|
    +---------------------------------+-----+-----------+-----+-----------+
    |BIAS_DB_ce0                      |    9|          2|    1|          2|
    |BIAS_DB_we0                      |    9|          2|    1|          2|
    |BIAS_ce0                         |    9|          2|    1|          2|
    |BIAS_we0                         |    9|          2|    1|          2|
    |OFM_0_address0                   |   15|          3|    8|         24|
    |OFM_0_address1                   |   15|          3|    8|         24|
    |OFM_0_ce0                        |   15|          3|    1|          3|
    |OFM_0_ce1                        |   15|          3|    1|          3|
    |OFM_0_d1                         |   15|          3|   32|         96|
    |OFM_0_we1                        |   15|          3|    1|          3|
    |OFM_10_address0                  |   15|          3|    8|         24|
    |OFM_10_address1                  |   15|          3|    8|         24|
    |OFM_10_ce0                       |   15|          3|    1|          3|
    |OFM_10_ce1                       |   15|          3|    1|          3|
    |OFM_10_d1                        |   15|          3|   32|         96|
    |OFM_10_we1                       |   15|          3|    1|          3|
    |OFM_11_address0                  |   15|          3|    8|         24|
    |OFM_11_address1                  |   15|          3|    8|         24|
    |OFM_11_ce0                       |   15|          3|    1|          3|
    |OFM_11_ce1                       |   15|          3|    1|          3|
    |OFM_11_d1                        |   15|          3|   32|         96|
    |OFM_11_we1                       |   15|          3|    1|          3|
    |OFM_12_address0                  |   15|          3|    8|         24|
    |OFM_12_address1                  |   15|          3|    8|         24|
    |OFM_12_ce0                       |   15|          3|    1|          3|
    |OFM_12_ce1                       |   15|          3|    1|          3|
    |OFM_12_d1                        |   15|          3|   32|         96|
    |OFM_12_we1                       |   15|          3|    1|          3|
    |OFM_13_address0                  |   15|          3|    8|         24|
    |OFM_13_address1                  |   15|          3|    8|         24|
    |OFM_13_ce0                       |   15|          3|    1|          3|
    |OFM_13_ce1                       |   15|          3|    1|          3|
    |OFM_13_d1                        |   15|          3|   32|         96|
    |OFM_13_we1                       |   15|          3|    1|          3|
    |OFM_14_address0                  |   15|          3|    8|         24|
    |OFM_14_address1                  |   15|          3|    8|         24|
    |OFM_14_ce0                       |   15|          3|    1|          3|
    |OFM_14_ce1                       |   15|          3|    1|          3|
    |OFM_14_d1                        |   15|          3|   32|         96|
    |OFM_14_we1                       |   15|          3|    1|          3|
    |OFM_15_address0                  |   15|          3|    8|         24|
    |OFM_15_address1                  |   15|          3|    8|         24|
    |OFM_15_ce0                       |   15|          3|    1|          3|
    |OFM_15_ce1                       |   15|          3|    1|          3|
    |OFM_15_d1                        |   15|          3|   32|         96|
    |OFM_15_we1                       |   15|          3|    1|          3|
    |OFM_16_address0                  |   15|          3|    8|         24|
    |OFM_16_address1                  |   15|          3|    8|         24|
    |OFM_16_ce0                       |   15|          3|    1|          3|
    |OFM_16_ce1                       |   15|          3|    1|          3|
    |OFM_16_d1                        |   15|          3|   32|         96|
    |OFM_16_we1                       |   15|          3|    1|          3|
    |OFM_17_address0                  |   15|          3|    8|         24|
    |OFM_17_address1                  |   15|          3|    8|         24|
    |OFM_17_ce0                       |   15|          3|    1|          3|
    |OFM_17_ce1                       |   15|          3|    1|          3|
    |OFM_17_d1                        |   15|          3|   32|         96|
    |OFM_17_we1                       |   15|          3|    1|          3|
    |OFM_18_address0                  |   15|          3|    8|         24|
    |OFM_18_address1                  |   15|          3|    8|         24|
    |OFM_18_ce0                       |   15|          3|    1|          3|
    |OFM_18_ce1                       |   15|          3|    1|          3|
    |OFM_18_d1                        |   15|          3|   32|         96|
    |OFM_18_we1                       |   15|          3|    1|          3|
    |OFM_19_address0                  |   15|          3|    8|         24|
    |OFM_19_address1                  |   15|          3|    8|         24|
    |OFM_19_ce0                       |   15|          3|    1|          3|
    |OFM_19_ce1                       |   15|          3|    1|          3|
    |OFM_19_d1                        |   15|          3|   32|         96|
    |OFM_19_we1                       |   15|          3|    1|          3|
    |OFM_1_address0                   |   15|          3|    8|         24|
    |OFM_1_address1                   |   15|          3|    8|         24|
    |OFM_1_ce0                        |   15|          3|    1|          3|
    |OFM_1_ce1                        |   15|          3|    1|          3|
    |OFM_1_d1                         |   15|          3|   32|         96|
    |OFM_1_we1                        |   15|          3|    1|          3|
    |OFM_20_address0                  |   15|          3|    8|         24|
    |OFM_20_address1                  |   15|          3|    8|         24|
    |OFM_20_ce0                       |   15|          3|    1|          3|
    |OFM_20_ce1                       |   15|          3|    1|          3|
    |OFM_20_d1                        |   15|          3|   32|         96|
    |OFM_20_we1                       |   15|          3|    1|          3|
    |OFM_21_address0                  |   15|          3|    8|         24|
    |OFM_21_address1                  |   15|          3|    8|         24|
    |OFM_21_ce0                       |   15|          3|    1|          3|
    |OFM_21_ce1                       |   15|          3|    1|          3|
    |OFM_21_d1                        |   15|          3|   32|         96|
    |OFM_21_we1                       |   15|          3|    1|          3|
    |OFM_22_address0                  |   15|          3|    8|         24|
    |OFM_22_address1                  |   15|          3|    8|         24|
    |OFM_22_ce0                       |   15|          3|    1|          3|
    |OFM_22_ce1                       |   15|          3|    1|          3|
    |OFM_22_d1                        |   15|          3|   32|         96|
    |OFM_22_we1                       |   15|          3|    1|          3|
    |OFM_23_address0                  |   15|          3|    8|         24|
    |OFM_23_address1                  |   15|          3|    8|         24|
    |OFM_23_ce0                       |   15|          3|    1|          3|
    |OFM_23_ce1                       |   15|          3|    1|          3|
    |OFM_23_d1                        |   15|          3|   32|         96|
    |OFM_23_we1                       |   15|          3|    1|          3|
    |OFM_24_address0                  |   15|          3|    8|         24|
    |OFM_24_address1                  |   15|          3|    8|         24|
    |OFM_24_ce0                       |   15|          3|    1|          3|
    |OFM_24_ce1                       |   15|          3|    1|          3|
    |OFM_24_d1                        |   15|          3|   32|         96|
    |OFM_24_we1                       |   15|          3|    1|          3|
    |OFM_25_address0                  |   15|          3|    8|         24|
    |OFM_25_address1                  |   15|          3|    8|         24|
    |OFM_25_ce0                       |   15|          3|    1|          3|
    |OFM_25_ce1                       |   15|          3|    1|          3|
    |OFM_25_d1                        |   15|          3|   32|         96|
    |OFM_25_we1                       |   15|          3|    1|          3|
    |OFM_26_address0                  |   15|          3|    8|         24|
    |OFM_26_address1                  |   15|          3|    8|         24|
    |OFM_26_ce0                       |   15|          3|    1|          3|
    |OFM_26_ce1                       |   15|          3|    1|          3|
    |OFM_26_d1                        |   15|          3|   32|         96|
    |OFM_26_we1                       |   15|          3|    1|          3|
    |OFM_27_address0                  |   15|          3|    8|         24|
    |OFM_27_address1                  |   15|          3|    8|         24|
    |OFM_27_ce0                       |   15|          3|    1|          3|
    |OFM_27_ce1                       |   15|          3|    1|          3|
    |OFM_27_d1                        |   15|          3|   32|         96|
    |OFM_27_we1                       |   15|          3|    1|          3|
    |OFM_28_address0                  |   15|          3|    8|         24|
    |OFM_28_address1                  |   15|          3|    8|         24|
    |OFM_28_ce0                       |   15|          3|    1|          3|
    |OFM_28_ce1                       |   15|          3|    1|          3|
    |OFM_28_d1                        |   15|          3|   32|         96|
    |OFM_28_we1                       |   15|          3|    1|          3|
    |OFM_29_address0                  |   15|          3|    8|         24|
    |OFM_29_address1                  |   15|          3|    8|         24|
    |OFM_29_ce0                       |   15|          3|    1|          3|
    |OFM_29_ce1                       |   15|          3|    1|          3|
    |OFM_29_d1                        |   15|          3|   32|         96|
    |OFM_29_we1                       |   15|          3|    1|          3|
    |OFM_2_address0                   |   15|          3|    8|         24|
    |OFM_2_address1                   |   15|          3|    8|         24|
    |OFM_2_ce0                        |   15|          3|    1|          3|
    |OFM_2_ce1                        |   15|          3|    1|          3|
    |OFM_2_d1                         |   15|          3|   32|         96|
    |OFM_2_we1                        |   15|          3|    1|          3|
    |OFM_30_address0                  |   15|          3|    8|         24|
    |OFM_30_address1                  |   15|          3|    8|         24|
    |OFM_30_ce0                       |   15|          3|    1|          3|
    |OFM_30_ce1                       |   15|          3|    1|          3|
    |OFM_30_d1                        |   15|          3|   32|         96|
    |OFM_30_we1                       |   15|          3|    1|          3|
    |OFM_31_address0                  |   15|          3|    8|         24|
    |OFM_31_address1                  |   15|          3|    8|         24|
    |OFM_31_ce0                       |   15|          3|    1|          3|
    |OFM_31_ce1                       |   15|          3|    1|          3|
    |OFM_31_d1                        |   15|          3|   32|         96|
    |OFM_31_we1                       |   15|          3|    1|          3|
    |OFM_32_address0                  |   15|          3|    8|         24|
    |OFM_32_address1                  |   15|          3|    8|         24|
    |OFM_32_ce0                       |   15|          3|    1|          3|
    |OFM_32_ce1                       |   15|          3|    1|          3|
    |OFM_32_d1                        |   15|          3|   32|         96|
    |OFM_32_we1                       |   15|          3|    1|          3|
    |OFM_33_address0                  |   15|          3|    8|         24|
    |OFM_33_address1                  |   15|          3|    8|         24|
    |OFM_33_ce0                       |   15|          3|    1|          3|
    |OFM_33_ce1                       |   15|          3|    1|          3|
    |OFM_33_d1                        |   15|          3|   32|         96|
    |OFM_33_we1                       |   15|          3|    1|          3|
    |OFM_34_address0                  |   15|          3|    8|         24|
    |OFM_34_address1                  |   15|          3|    8|         24|
    |OFM_34_ce0                       |   15|          3|    1|          3|
    |OFM_34_ce1                       |   15|          3|    1|          3|
    |OFM_34_d1                        |   15|          3|   32|         96|
    |OFM_34_we1                       |   15|          3|    1|          3|
    |OFM_35_address0                  |   15|          3|    8|         24|
    |OFM_35_address1                  |   15|          3|    8|         24|
    |OFM_35_ce0                       |   15|          3|    1|          3|
    |OFM_35_ce1                       |   15|          3|    1|          3|
    |OFM_35_d1                        |   15|          3|   32|         96|
    |OFM_35_we1                       |   15|          3|    1|          3|
    |OFM_36_address0                  |   15|          3|    8|         24|
    |OFM_36_address1                  |   15|          3|    8|         24|
    |OFM_36_ce0                       |   15|          3|    1|          3|
    |OFM_36_ce1                       |   15|          3|    1|          3|
    |OFM_36_d1                        |   15|          3|   32|         96|
    |OFM_36_we1                       |   15|          3|    1|          3|
    |OFM_37_address0                  |   15|          3|    8|         24|
    |OFM_37_address1                  |   15|          3|    8|         24|
    |OFM_37_ce0                       |   15|          3|    1|          3|
    |OFM_37_ce1                       |   15|          3|    1|          3|
    |OFM_37_d1                        |   15|          3|   32|         96|
    |OFM_37_we1                       |   15|          3|    1|          3|
    |OFM_38_address0                  |   15|          3|    8|         24|
    |OFM_38_address1                  |   15|          3|    8|         24|
    |OFM_38_ce0                       |   15|          3|    1|          3|
    |OFM_38_ce1                       |   15|          3|    1|          3|
    |OFM_38_d1                        |   15|          3|   32|         96|
    |OFM_38_we1                       |   15|          3|    1|          3|
    |OFM_39_address0                  |   15|          3|    8|         24|
    |OFM_39_address1                  |   15|          3|    8|         24|
    |OFM_39_ce0                       |   15|          3|    1|          3|
    |OFM_39_ce1                       |   15|          3|    1|          3|
    |OFM_39_d1                        |   15|          3|   32|         96|
    |OFM_39_we1                       |   15|          3|    1|          3|
    |OFM_3_address0                   |   15|          3|    8|         24|
    |OFM_3_address1                   |   15|          3|    8|         24|
    |OFM_3_ce0                        |   15|          3|    1|          3|
    |OFM_3_ce1                        |   15|          3|    1|          3|
    |OFM_3_d1                         |   15|          3|   32|         96|
    |OFM_3_we1                        |   15|          3|    1|          3|
    |OFM_40_address0                  |   15|          3|    8|         24|
    |OFM_40_address1                  |   15|          3|    8|         24|
    |OFM_40_ce0                       |   15|          3|    1|          3|
    |OFM_40_ce1                       |   15|          3|    1|          3|
    |OFM_40_d1                        |   15|          3|   32|         96|
    |OFM_40_we1                       |   15|          3|    1|          3|
    |OFM_41_address0                  |   15|          3|    8|         24|
    |OFM_41_address1                  |   15|          3|    8|         24|
    |OFM_41_ce0                       |   15|          3|    1|          3|
    |OFM_41_ce1                       |   15|          3|    1|          3|
    |OFM_41_d1                        |   15|          3|   32|         96|
    |OFM_41_we1                       |   15|          3|    1|          3|
    |OFM_42_address0                  |   15|          3|    8|         24|
    |OFM_42_address1                  |   15|          3|    8|         24|
    |OFM_42_ce0                       |   15|          3|    1|          3|
    |OFM_42_ce1                       |   15|          3|    1|          3|
    |OFM_42_d1                        |   15|          3|   32|         96|
    |OFM_42_we1                       |   15|          3|    1|          3|
    |OFM_43_address0                  |   15|          3|    8|         24|
    |OFM_43_address1                  |   15|          3|    8|         24|
    |OFM_43_ce0                       |   15|          3|    1|          3|
    |OFM_43_ce1                       |   15|          3|    1|          3|
    |OFM_43_d1                        |   15|          3|   32|         96|
    |OFM_43_we1                       |   15|          3|    1|          3|
    |OFM_44_address0                  |   15|          3|    8|         24|
    |OFM_44_address1                  |   15|          3|    8|         24|
    |OFM_44_ce0                       |   15|          3|    1|          3|
    |OFM_44_ce1                       |   15|          3|    1|          3|
    |OFM_44_d1                        |   15|          3|   32|         96|
    |OFM_44_we1                       |   15|          3|    1|          3|
    |OFM_45_address0                  |   15|          3|    8|         24|
    |OFM_45_address1                  |   15|          3|    8|         24|
    |OFM_45_ce0                       |   15|          3|    1|          3|
    |OFM_45_ce1                       |   15|          3|    1|          3|
    |OFM_45_d1                        |   15|          3|   32|         96|
    |OFM_45_we1                       |   15|          3|    1|          3|
    |OFM_46_address0                  |   15|          3|    8|         24|
    |OFM_46_address1                  |   15|          3|    8|         24|
    |OFM_46_ce0                       |   15|          3|    1|          3|
    |OFM_46_ce1                       |   15|          3|    1|          3|
    |OFM_46_d1                        |   15|          3|   32|         96|
    |OFM_46_we1                       |   15|          3|    1|          3|
    |OFM_47_address0                  |   15|          3|    8|         24|
    |OFM_47_address1                  |   15|          3|    8|         24|
    |OFM_47_ce0                       |   15|          3|    1|          3|
    |OFM_47_ce1                       |   15|          3|    1|          3|
    |OFM_47_d1                        |   15|          3|   32|         96|
    |OFM_47_we1                       |   15|          3|    1|          3|
    |OFM_48_address0                  |   15|          3|    8|         24|
    |OFM_48_address1                  |   15|          3|    8|         24|
    |OFM_48_ce0                       |   15|          3|    1|          3|
    |OFM_48_ce1                       |   15|          3|    1|          3|
    |OFM_48_d1                        |   15|          3|   32|         96|
    |OFM_48_we1                       |   15|          3|    1|          3|
    |OFM_49_address0                  |   15|          3|    8|         24|
    |OFM_49_address1                  |   15|          3|    8|         24|
    |OFM_49_ce0                       |   15|          3|    1|          3|
    |OFM_49_ce1                       |   15|          3|    1|          3|
    |OFM_49_d1                        |   15|          3|   32|         96|
    |OFM_49_we1                       |   15|          3|    1|          3|
    |OFM_4_address0                   |   15|          3|    8|         24|
    |OFM_4_address1                   |   15|          3|    8|         24|
    |OFM_4_ce0                        |   15|          3|    1|          3|
    |OFM_4_ce1                        |   15|          3|    1|          3|
    |OFM_4_d1                         |   15|          3|   32|         96|
    |OFM_4_we1                        |   15|          3|    1|          3|
    |OFM_50_address0                  |   15|          3|    8|         24|
    |OFM_50_address1                  |   15|          3|    8|         24|
    |OFM_50_ce0                       |   15|          3|    1|          3|
    |OFM_50_ce1                       |   15|          3|    1|          3|
    |OFM_50_d1                        |   15|          3|   32|         96|
    |OFM_50_we1                       |   15|          3|    1|          3|
    |OFM_51_address0                  |   15|          3|    8|         24|
    |OFM_51_address1                  |   15|          3|    8|         24|
    |OFM_51_ce0                       |   15|          3|    1|          3|
    |OFM_51_ce1                       |   15|          3|    1|          3|
    |OFM_51_d1                        |   15|          3|   32|         96|
    |OFM_51_we1                       |   15|          3|    1|          3|
    |OFM_52_address0                  |   15|          3|    8|         24|
    |OFM_52_address1                  |   15|          3|    8|         24|
    |OFM_52_ce0                       |   15|          3|    1|          3|
    |OFM_52_ce1                       |   15|          3|    1|          3|
    |OFM_52_d1                        |   15|          3|   32|         96|
    |OFM_52_we1                       |   15|          3|    1|          3|
    |OFM_53_address0                  |   15|          3|    8|         24|
    |OFM_53_address1                  |   15|          3|    8|         24|
    |OFM_53_ce0                       |   15|          3|    1|          3|
    |OFM_53_ce1                       |   15|          3|    1|          3|
    |OFM_53_d1                        |   15|          3|   32|         96|
    |OFM_53_we1                       |   15|          3|    1|          3|
    |OFM_54_address0                  |   15|          3|    8|         24|
    |OFM_54_address1                  |   15|          3|    8|         24|
    |OFM_54_ce0                       |   15|          3|    1|          3|
    |OFM_54_ce1                       |   15|          3|    1|          3|
    |OFM_54_d1                        |   15|          3|   32|         96|
    |OFM_54_we1                       |   15|          3|    1|          3|
    |OFM_55_address0                  |   15|          3|    8|         24|
    |OFM_55_address1                  |   15|          3|    8|         24|
    |OFM_55_ce0                       |   15|          3|    1|          3|
    |OFM_55_ce1                       |   15|          3|    1|          3|
    |OFM_55_d1                        |   15|          3|   32|         96|
    |OFM_55_we1                       |   15|          3|    1|          3|
    |OFM_56_address0                  |   15|          3|    8|         24|
    |OFM_56_address1                  |   15|          3|    8|         24|
    |OFM_56_ce0                       |   15|          3|    1|          3|
    |OFM_56_ce1                       |   15|          3|    1|          3|
    |OFM_56_d1                        |   15|          3|   32|         96|
    |OFM_56_we1                       |   15|          3|    1|          3|
    |OFM_57_address0                  |   15|          3|    8|         24|
    |OFM_57_address1                  |   15|          3|    8|         24|
    |OFM_57_ce0                       |   15|          3|    1|          3|
    |OFM_57_ce1                       |   15|          3|    1|          3|
    |OFM_57_d1                        |   15|          3|   32|         96|
    |OFM_57_we1                       |   15|          3|    1|          3|
    |OFM_58_address0                  |   15|          3|    8|         24|
    |OFM_58_address1                  |   15|          3|    8|         24|
    |OFM_58_ce0                       |   15|          3|    1|          3|
    |OFM_58_ce1                       |   15|          3|    1|          3|
    |OFM_58_d1                        |   15|          3|   32|         96|
    |OFM_58_we1                       |   15|          3|    1|          3|
    |OFM_59_address0                  |   15|          3|    8|         24|
    |OFM_59_address1                  |   15|          3|    8|         24|
    |OFM_59_ce0                       |   15|          3|    1|          3|
    |OFM_59_ce1                       |   15|          3|    1|          3|
    |OFM_59_d1                        |   15|          3|   32|         96|
    |OFM_59_we1                       |   15|          3|    1|          3|
    |OFM_5_address0                   |   15|          3|    8|         24|
    |OFM_5_address1                   |   15|          3|    8|         24|
    |OFM_5_ce0                        |   15|          3|    1|          3|
    |OFM_5_ce1                        |   15|          3|    1|          3|
    |OFM_5_d1                         |   15|          3|   32|         96|
    |OFM_5_we1                        |   15|          3|    1|          3|
    |OFM_60_address0                  |   15|          3|    8|         24|
    |OFM_60_address1                  |   15|          3|    8|         24|
    |OFM_60_ce0                       |   15|          3|    1|          3|
    |OFM_60_ce1                       |   15|          3|    1|          3|
    |OFM_60_d1                        |   15|          3|   32|         96|
    |OFM_60_we1                       |   15|          3|    1|          3|
    |OFM_61_address0                  |   15|          3|    8|         24|
    |OFM_61_address1                  |   15|          3|    8|         24|
    |OFM_61_ce0                       |   15|          3|    1|          3|
    |OFM_61_ce1                       |   15|          3|    1|          3|
    |OFM_61_d1                        |   15|          3|   32|         96|
    |OFM_61_we1                       |   15|          3|    1|          3|
    |OFM_62_address0                  |   15|          3|    8|         24|
    |OFM_62_address1                  |   15|          3|    8|         24|
    |OFM_62_ce0                       |   15|          3|    1|          3|
    |OFM_62_ce1                       |   15|          3|    1|          3|
    |OFM_62_d1                        |   15|          3|   32|         96|
    |OFM_62_we1                       |   15|          3|    1|          3|
    |OFM_63_address0                  |   15|          3|    8|         24|
    |OFM_63_address1                  |   15|          3|    8|         24|
    |OFM_63_ce0                       |   15|          3|    1|          3|
    |OFM_63_ce1                       |   15|          3|    1|          3|
    |OFM_63_d1                        |   15|          3|   32|         96|
    |OFM_63_we1                       |   15|          3|    1|          3|
    |OFM_6_address0                   |   15|          3|    8|         24|
    |OFM_6_address1                   |   15|          3|    8|         24|
    |OFM_6_ce0                        |   15|          3|    1|          3|
    |OFM_6_ce1                        |   15|          3|    1|          3|
    |OFM_6_d1                         |   15|          3|   32|         96|
    |OFM_6_we1                        |   15|          3|    1|          3|
    |OFM_7_address0                   |   15|          3|    8|         24|
    |OFM_7_address1                   |   15|          3|    8|         24|
    |OFM_7_ce0                        |   15|          3|    1|          3|
    |OFM_7_ce1                        |   15|          3|    1|          3|
    |OFM_7_d1                         |   15|          3|   32|         96|
    |OFM_7_we1                        |   15|          3|    1|          3|
    |OFM_8_address0                   |   15|          3|    8|         24|
    |OFM_8_address1                   |   15|          3|    8|         24|
    |OFM_8_ce0                        |   15|          3|    1|          3|
    |OFM_8_ce1                        |   15|          3|    1|          3|
    |OFM_8_d1                         |   15|          3|   32|         96|
    |OFM_8_we1                        |   15|          3|    1|          3|
    |OFM_9_address0                   |   15|          3|    8|         24|
    |OFM_9_address1                   |   15|          3|    8|         24|
    |OFM_9_ce0                        |   15|          3|    1|          3|
    |OFM_9_ce1                        |   15|          3|    1|          3|
    |OFM_9_d1                         |   15|          3|   32|         96|
    |OFM_9_we1                        |   15|          3|    1|          3|
    |OFM_DB_0_address0                |   15|          3|    8|         24|
    |OFM_DB_0_address1                |   15|          3|    8|         24|
    |OFM_DB_0_ce0                     |   15|          3|    1|          3|
    |OFM_DB_0_ce1                     |   15|          3|    1|          3|
    |OFM_DB_0_d1                      |   15|          3|   32|         96|
    |OFM_DB_0_we1                     |   15|          3|    1|          3|
    |OFM_DB_10_address0               |   15|          3|    8|         24|
    |OFM_DB_10_address1               |   15|          3|    8|         24|
    |OFM_DB_10_ce0                    |   15|          3|    1|          3|
    |OFM_DB_10_ce1                    |   15|          3|    1|          3|
    |OFM_DB_10_d1                     |   15|          3|   32|         96|
    |OFM_DB_10_we1                    |   15|          3|    1|          3|
    |OFM_DB_11_address0               |   15|          3|    8|         24|
    |OFM_DB_11_address1               |   15|          3|    8|         24|
    |OFM_DB_11_ce0                    |   15|          3|    1|          3|
    |OFM_DB_11_ce1                    |   15|          3|    1|          3|
    |OFM_DB_11_d1                     |   15|          3|   32|         96|
    |OFM_DB_11_we1                    |   15|          3|    1|          3|
    |OFM_DB_12_address0               |   15|          3|    8|         24|
    |OFM_DB_12_address1               |   15|          3|    8|         24|
    |OFM_DB_12_ce0                    |   15|          3|    1|          3|
    |OFM_DB_12_ce1                    |   15|          3|    1|          3|
    |OFM_DB_12_d1                     |   15|          3|   32|         96|
    |OFM_DB_12_we1                    |   15|          3|    1|          3|
    |OFM_DB_13_address0               |   15|          3|    8|         24|
    |OFM_DB_13_address1               |   15|          3|    8|         24|
    |OFM_DB_13_ce0                    |   15|          3|    1|          3|
    |OFM_DB_13_ce1                    |   15|          3|    1|          3|
    |OFM_DB_13_d1                     |   15|          3|   32|         96|
    |OFM_DB_13_we1                    |   15|          3|    1|          3|
    |OFM_DB_14_address0               |   15|          3|    8|         24|
    |OFM_DB_14_address1               |   15|          3|    8|         24|
    |OFM_DB_14_ce0                    |   15|          3|    1|          3|
    |OFM_DB_14_ce1                    |   15|          3|    1|          3|
    |OFM_DB_14_d1                     |   15|          3|   32|         96|
    |OFM_DB_14_we1                    |   15|          3|    1|          3|
    |OFM_DB_15_address0               |   15|          3|    8|         24|
    |OFM_DB_15_address1               |   15|          3|    8|         24|
    |OFM_DB_15_ce0                    |   15|          3|    1|          3|
    |OFM_DB_15_ce1                    |   15|          3|    1|          3|
    |OFM_DB_15_d1                     |   15|          3|   32|         96|
    |OFM_DB_15_we1                    |   15|          3|    1|          3|
    |OFM_DB_16_address0               |   15|          3|    8|         24|
    |OFM_DB_16_address1               |   15|          3|    8|         24|
    |OFM_DB_16_ce0                    |   15|          3|    1|          3|
    |OFM_DB_16_ce1                    |   15|          3|    1|          3|
    |OFM_DB_16_d1                     |   15|          3|   32|         96|
    |OFM_DB_16_we1                    |   15|          3|    1|          3|
    |OFM_DB_17_address0               |   15|          3|    8|         24|
    |OFM_DB_17_address1               |   15|          3|    8|         24|
    |OFM_DB_17_ce0                    |   15|          3|    1|          3|
    |OFM_DB_17_ce1                    |   15|          3|    1|          3|
    |OFM_DB_17_d1                     |   15|          3|   32|         96|
    |OFM_DB_17_we1                    |   15|          3|    1|          3|
    |OFM_DB_18_address0               |   15|          3|    8|         24|
    |OFM_DB_18_address1               |   15|          3|    8|         24|
    |OFM_DB_18_ce0                    |   15|          3|    1|          3|
    |OFM_DB_18_ce1                    |   15|          3|    1|          3|
    |OFM_DB_18_d1                     |   15|          3|   32|         96|
    |OFM_DB_18_we1                    |   15|          3|    1|          3|
    |OFM_DB_19_address0               |   15|          3|    8|         24|
    |OFM_DB_19_address1               |   15|          3|    8|         24|
    |OFM_DB_19_ce0                    |   15|          3|    1|          3|
    |OFM_DB_19_ce1                    |   15|          3|    1|          3|
    |OFM_DB_19_d1                     |   15|          3|   32|         96|
    |OFM_DB_19_we1                    |   15|          3|    1|          3|
    |OFM_DB_1_address0                |   15|          3|    8|         24|
    |OFM_DB_1_address1                |   15|          3|    8|         24|
    |OFM_DB_1_ce0                     |   15|          3|    1|          3|
    |OFM_DB_1_ce1                     |   15|          3|    1|          3|
    |OFM_DB_1_d1                      |   15|          3|   32|         96|
    |OFM_DB_1_we1                     |   15|          3|    1|          3|
    |OFM_DB_20_address0               |   15|          3|    8|         24|
    |OFM_DB_20_address1               |   15|          3|    8|         24|
    |OFM_DB_20_ce0                    |   15|          3|    1|          3|
    |OFM_DB_20_ce1                    |   15|          3|    1|          3|
    |OFM_DB_20_d1                     |   15|          3|   32|         96|
    |OFM_DB_20_we1                    |   15|          3|    1|          3|
    |OFM_DB_21_address0               |   15|          3|    8|         24|
    |OFM_DB_21_address1               |   15|          3|    8|         24|
    |OFM_DB_21_ce0                    |   15|          3|    1|          3|
    |OFM_DB_21_ce1                    |   15|          3|    1|          3|
    |OFM_DB_21_d1                     |   15|          3|   32|         96|
    |OFM_DB_21_we1                    |   15|          3|    1|          3|
    |OFM_DB_22_address0               |   15|          3|    8|         24|
    |OFM_DB_22_address1               |   15|          3|    8|         24|
    |OFM_DB_22_ce0                    |   15|          3|    1|          3|
    |OFM_DB_22_ce1                    |   15|          3|    1|          3|
    |OFM_DB_22_d1                     |   15|          3|   32|         96|
    |OFM_DB_22_we1                    |   15|          3|    1|          3|
    |OFM_DB_23_address0               |   15|          3|    8|         24|
    |OFM_DB_23_address1               |   15|          3|    8|         24|
    |OFM_DB_23_ce0                    |   15|          3|    1|          3|
    |OFM_DB_23_ce1                    |   15|          3|    1|          3|
    |OFM_DB_23_d1                     |   15|          3|   32|         96|
    |OFM_DB_23_we1                    |   15|          3|    1|          3|
    |OFM_DB_24_address0               |   15|          3|    8|         24|
    |OFM_DB_24_address1               |   15|          3|    8|         24|
    |OFM_DB_24_ce0                    |   15|          3|    1|          3|
    |OFM_DB_24_ce1                    |   15|          3|    1|          3|
    |OFM_DB_24_d1                     |   15|          3|   32|         96|
    |OFM_DB_24_we1                    |   15|          3|    1|          3|
    |OFM_DB_25_address0               |   15|          3|    8|         24|
    |OFM_DB_25_address1               |   15|          3|    8|         24|
    |OFM_DB_25_ce0                    |   15|          3|    1|          3|
    |OFM_DB_25_ce1                    |   15|          3|    1|          3|
    |OFM_DB_25_d1                     |   15|          3|   32|         96|
    |OFM_DB_25_we1                    |   15|          3|    1|          3|
    |OFM_DB_26_address0               |   15|          3|    8|         24|
    |OFM_DB_26_address1               |   15|          3|    8|         24|
    |OFM_DB_26_ce0                    |   15|          3|    1|          3|
    |OFM_DB_26_ce1                    |   15|          3|    1|          3|
    |OFM_DB_26_d1                     |   15|          3|   32|         96|
    |OFM_DB_26_we1                    |   15|          3|    1|          3|
    |OFM_DB_27_address0               |   15|          3|    8|         24|
    |OFM_DB_27_address1               |   15|          3|    8|         24|
    |OFM_DB_27_ce0                    |   15|          3|    1|          3|
    |OFM_DB_27_ce1                    |   15|          3|    1|          3|
    |OFM_DB_27_d1                     |   15|          3|   32|         96|
    |OFM_DB_27_we1                    |   15|          3|    1|          3|
    |OFM_DB_28_address0               |   15|          3|    8|         24|
    |OFM_DB_28_address1               |   15|          3|    8|         24|
    |OFM_DB_28_ce0                    |   15|          3|    1|          3|
    |OFM_DB_28_ce1                    |   15|          3|    1|          3|
    |OFM_DB_28_d1                     |   15|          3|   32|         96|
    |OFM_DB_28_we1                    |   15|          3|    1|          3|
    |OFM_DB_29_address0               |   15|          3|    8|         24|
    |OFM_DB_29_address1               |   15|          3|    8|         24|
    |OFM_DB_29_ce0                    |   15|          3|    1|          3|
    |OFM_DB_29_ce1                    |   15|          3|    1|          3|
    |OFM_DB_29_d1                     |   15|          3|   32|         96|
    |OFM_DB_29_we1                    |   15|          3|    1|          3|
    |OFM_DB_2_address0                |   15|          3|    8|         24|
    |OFM_DB_2_address1                |   15|          3|    8|         24|
    |OFM_DB_2_ce0                     |   15|          3|    1|          3|
    |OFM_DB_2_ce1                     |   15|          3|    1|          3|
    |OFM_DB_2_d1                      |   15|          3|   32|         96|
    |OFM_DB_2_we1                     |   15|          3|    1|          3|
    |OFM_DB_30_address0               |   15|          3|    8|         24|
    |OFM_DB_30_address1               |   15|          3|    8|         24|
    |OFM_DB_30_ce0                    |   15|          3|    1|          3|
    |OFM_DB_30_ce1                    |   15|          3|    1|          3|
    |OFM_DB_30_d1                     |   15|          3|   32|         96|
    |OFM_DB_30_we1                    |   15|          3|    1|          3|
    |OFM_DB_31_address0               |   15|          3|    8|         24|
    |OFM_DB_31_address1               |   15|          3|    8|         24|
    |OFM_DB_31_ce0                    |   15|          3|    1|          3|
    |OFM_DB_31_ce1                    |   15|          3|    1|          3|
    |OFM_DB_31_d1                     |   15|          3|   32|         96|
    |OFM_DB_31_we1                    |   15|          3|    1|          3|
    |OFM_DB_32_address0               |   15|          3|    8|         24|
    |OFM_DB_32_address1               |   15|          3|    8|         24|
    |OFM_DB_32_ce0                    |   15|          3|    1|          3|
    |OFM_DB_32_ce1                    |   15|          3|    1|          3|
    |OFM_DB_32_d1                     |   15|          3|   32|         96|
    |OFM_DB_32_we1                    |   15|          3|    1|          3|
    |OFM_DB_33_address0               |   15|          3|    8|         24|
    |OFM_DB_33_address1               |   15|          3|    8|         24|
    |OFM_DB_33_ce0                    |   15|          3|    1|          3|
    |OFM_DB_33_ce1                    |   15|          3|    1|          3|
    |OFM_DB_33_d1                     |   15|          3|   32|         96|
    |OFM_DB_33_we1                    |   15|          3|    1|          3|
    |OFM_DB_34_address0               |   15|          3|    8|         24|
    |OFM_DB_34_address1               |   15|          3|    8|         24|
    |OFM_DB_34_ce0                    |   15|          3|    1|          3|
    |OFM_DB_34_ce1                    |   15|          3|    1|          3|
    |OFM_DB_34_d1                     |   15|          3|   32|         96|
    |OFM_DB_34_we1                    |   15|          3|    1|          3|
    |OFM_DB_35_address0               |   15|          3|    8|         24|
    |OFM_DB_35_address1               |   15|          3|    8|         24|
    |OFM_DB_35_ce0                    |   15|          3|    1|          3|
    |OFM_DB_35_ce1                    |   15|          3|    1|          3|
    |OFM_DB_35_d1                     |   15|          3|   32|         96|
    |OFM_DB_35_we1                    |   15|          3|    1|          3|
    |OFM_DB_36_address0               |   15|          3|    8|         24|
    |OFM_DB_36_address1               |   15|          3|    8|         24|
    |OFM_DB_36_ce0                    |   15|          3|    1|          3|
    |OFM_DB_36_ce1                    |   15|          3|    1|          3|
    |OFM_DB_36_d1                     |   15|          3|   32|         96|
    |OFM_DB_36_we1                    |   15|          3|    1|          3|
    |OFM_DB_37_address0               |   15|          3|    8|         24|
    |OFM_DB_37_address1               |   15|          3|    8|         24|
    |OFM_DB_37_ce0                    |   15|          3|    1|          3|
    |OFM_DB_37_ce1                    |   15|          3|    1|          3|
    |OFM_DB_37_d1                     |   15|          3|   32|         96|
    |OFM_DB_37_we1                    |   15|          3|    1|          3|
    |OFM_DB_38_address0               |   15|          3|    8|         24|
    |OFM_DB_38_address1               |   15|          3|    8|         24|
    |OFM_DB_38_ce0                    |   15|          3|    1|          3|
    |OFM_DB_38_ce1                    |   15|          3|    1|          3|
    |OFM_DB_38_d1                     |   15|          3|   32|         96|
    |OFM_DB_38_we1                    |   15|          3|    1|          3|
    |OFM_DB_39_address0               |   15|          3|    8|         24|
    |OFM_DB_39_address1               |   15|          3|    8|         24|
    |OFM_DB_39_ce0                    |   15|          3|    1|          3|
    |OFM_DB_39_ce1                    |   15|          3|    1|          3|
    |OFM_DB_39_d1                     |   15|          3|   32|         96|
    |OFM_DB_39_we1                    |   15|          3|    1|          3|
    |OFM_DB_3_address0                |   15|          3|    8|         24|
    |OFM_DB_3_address1                |   15|          3|    8|         24|
    |OFM_DB_3_ce0                     |   15|          3|    1|          3|
    |OFM_DB_3_ce1                     |   15|          3|    1|          3|
    |OFM_DB_3_d1                      |   15|          3|   32|         96|
    |OFM_DB_3_we1                     |   15|          3|    1|          3|
    |OFM_DB_40_address0               |   15|          3|    8|         24|
    |OFM_DB_40_address1               |   15|          3|    8|         24|
    |OFM_DB_40_ce0                    |   15|          3|    1|          3|
    |OFM_DB_40_ce1                    |   15|          3|    1|          3|
    |OFM_DB_40_d1                     |   15|          3|   32|         96|
    |OFM_DB_40_we1                    |   15|          3|    1|          3|
    |OFM_DB_41_address0               |   15|          3|    8|         24|
    |OFM_DB_41_address1               |   15|          3|    8|         24|
    |OFM_DB_41_ce0                    |   15|          3|    1|          3|
    |OFM_DB_41_ce1                    |   15|          3|    1|          3|
    |OFM_DB_41_d1                     |   15|          3|   32|         96|
    |OFM_DB_41_we1                    |   15|          3|    1|          3|
    |OFM_DB_42_address0               |   15|          3|    8|         24|
    |OFM_DB_42_address1               |   15|          3|    8|         24|
    |OFM_DB_42_ce0                    |   15|          3|    1|          3|
    |OFM_DB_42_ce1                    |   15|          3|    1|          3|
    |OFM_DB_42_d1                     |   15|          3|   32|         96|
    |OFM_DB_42_we1                    |   15|          3|    1|          3|
    |OFM_DB_43_address0               |   15|          3|    8|         24|
    |OFM_DB_43_address1               |   15|          3|    8|         24|
    |OFM_DB_43_ce0                    |   15|          3|    1|          3|
    |OFM_DB_43_ce1                    |   15|          3|    1|          3|
    |OFM_DB_43_d1                     |   15|          3|   32|         96|
    |OFM_DB_43_we1                    |   15|          3|    1|          3|
    |OFM_DB_44_address0               |   15|          3|    8|         24|
    |OFM_DB_44_address1               |   15|          3|    8|         24|
    |OFM_DB_44_ce0                    |   15|          3|    1|          3|
    |OFM_DB_44_ce1                    |   15|          3|    1|          3|
    |OFM_DB_44_d1                     |   15|          3|   32|         96|
    |OFM_DB_44_we1                    |   15|          3|    1|          3|
    |OFM_DB_45_address0               |   15|          3|    8|         24|
    |OFM_DB_45_address1               |   15|          3|    8|         24|
    |OFM_DB_45_ce0                    |   15|          3|    1|          3|
    |OFM_DB_45_ce1                    |   15|          3|    1|          3|
    |OFM_DB_45_d1                     |   15|          3|   32|         96|
    |OFM_DB_45_we1                    |   15|          3|    1|          3|
    |OFM_DB_46_address0               |   15|          3|    8|         24|
    |OFM_DB_46_address1               |   15|          3|    8|         24|
    |OFM_DB_46_ce0                    |   15|          3|    1|          3|
    |OFM_DB_46_ce1                    |   15|          3|    1|          3|
    |OFM_DB_46_d1                     |   15|          3|   32|         96|
    |OFM_DB_46_we1                    |   15|          3|    1|          3|
    |OFM_DB_47_address0               |   15|          3|    8|         24|
    |OFM_DB_47_address1               |   15|          3|    8|         24|
    |OFM_DB_47_ce0                    |   15|          3|    1|          3|
    |OFM_DB_47_ce1                    |   15|          3|    1|          3|
    |OFM_DB_47_d1                     |   15|          3|   32|         96|
    |OFM_DB_47_we1                    |   15|          3|    1|          3|
    |OFM_DB_48_address0               |   15|          3|    8|         24|
    |OFM_DB_48_address1               |   15|          3|    8|         24|
    |OFM_DB_48_ce0                    |   15|          3|    1|          3|
    |OFM_DB_48_ce1                    |   15|          3|    1|          3|
    |OFM_DB_48_d1                     |   15|          3|   32|         96|
    |OFM_DB_48_we1                    |   15|          3|    1|          3|
    |OFM_DB_49_address0               |   15|          3|    8|         24|
    |OFM_DB_49_address1               |   15|          3|    8|         24|
    |OFM_DB_49_ce0                    |   15|          3|    1|          3|
    |OFM_DB_49_ce1                    |   15|          3|    1|          3|
    |OFM_DB_49_d1                     |   15|          3|   32|         96|
    |OFM_DB_49_we1                    |   15|          3|    1|          3|
    |OFM_DB_4_address0                |   15|          3|    8|         24|
    |OFM_DB_4_address1                |   15|          3|    8|         24|
    |OFM_DB_4_ce0                     |   15|          3|    1|          3|
    |OFM_DB_4_ce1                     |   15|          3|    1|          3|
    |OFM_DB_4_d1                      |   15|          3|   32|         96|
    |OFM_DB_4_we1                     |   15|          3|    1|          3|
    |OFM_DB_50_address0               |   15|          3|    8|         24|
    |OFM_DB_50_address1               |   15|          3|    8|         24|
    |OFM_DB_50_ce0                    |   15|          3|    1|          3|
    |OFM_DB_50_ce1                    |   15|          3|    1|          3|
    |OFM_DB_50_d1                     |   15|          3|   32|         96|
    |OFM_DB_50_we1                    |   15|          3|    1|          3|
    |OFM_DB_51_address0               |   15|          3|    8|         24|
    |OFM_DB_51_address1               |   15|          3|    8|         24|
    |OFM_DB_51_ce0                    |   15|          3|    1|          3|
    |OFM_DB_51_ce1                    |   15|          3|    1|          3|
    |OFM_DB_51_d1                     |   15|          3|   32|         96|
    |OFM_DB_51_we1                    |   15|          3|    1|          3|
    |OFM_DB_52_address0               |   15|          3|    8|         24|
    |OFM_DB_52_address1               |   15|          3|    8|         24|
    |OFM_DB_52_ce0                    |   15|          3|    1|          3|
    |OFM_DB_52_ce1                    |   15|          3|    1|          3|
    |OFM_DB_52_d1                     |   15|          3|   32|         96|
    |OFM_DB_52_we1                    |   15|          3|    1|          3|
    |OFM_DB_53_address0               |   15|          3|    8|         24|
    |OFM_DB_53_address1               |   15|          3|    8|         24|
    |OFM_DB_53_ce0                    |   15|          3|    1|          3|
    |OFM_DB_53_ce1                    |   15|          3|    1|          3|
    |OFM_DB_53_d1                     |   15|          3|   32|         96|
    |OFM_DB_53_we1                    |   15|          3|    1|          3|
    |OFM_DB_54_address0               |   15|          3|    8|         24|
    |OFM_DB_54_address1               |   15|          3|    8|         24|
    |OFM_DB_54_ce0                    |   15|          3|    1|          3|
    |OFM_DB_54_ce1                    |   15|          3|    1|          3|
    |OFM_DB_54_d1                     |   15|          3|   32|         96|
    |OFM_DB_54_we1                    |   15|          3|    1|          3|
    |OFM_DB_55_address0               |   15|          3|    8|         24|
    |OFM_DB_55_address1               |   15|          3|    8|         24|
    |OFM_DB_55_ce0                    |   15|          3|    1|          3|
    |OFM_DB_55_ce1                    |   15|          3|    1|          3|
    |OFM_DB_55_d1                     |   15|          3|   32|         96|
    |OFM_DB_55_we1                    |   15|          3|    1|          3|
    |OFM_DB_56_address0               |   15|          3|    8|         24|
    |OFM_DB_56_address1               |   15|          3|    8|         24|
    |OFM_DB_56_ce0                    |   15|          3|    1|          3|
    |OFM_DB_56_ce1                    |   15|          3|    1|          3|
    |OFM_DB_56_d1                     |   15|          3|   32|         96|
    |OFM_DB_56_we1                    |   15|          3|    1|          3|
    |OFM_DB_57_address0               |   15|          3|    8|         24|
    |OFM_DB_57_address1               |   15|          3|    8|         24|
    |OFM_DB_57_ce0                    |   15|          3|    1|          3|
    |OFM_DB_57_ce1                    |   15|          3|    1|          3|
    |OFM_DB_57_d1                     |   15|          3|   32|         96|
    |OFM_DB_57_we1                    |   15|          3|    1|          3|
    |OFM_DB_58_address0               |   15|          3|    8|         24|
    |OFM_DB_58_address1               |   15|          3|    8|         24|
    |OFM_DB_58_ce0                    |   15|          3|    1|          3|
    |OFM_DB_58_ce1                    |   15|          3|    1|          3|
    |OFM_DB_58_d1                     |   15|          3|   32|         96|
    |OFM_DB_58_we1                    |   15|          3|    1|          3|
    |OFM_DB_59_address0               |   15|          3|    8|         24|
    |OFM_DB_59_address1               |   15|          3|    8|         24|
    |OFM_DB_59_ce0                    |   15|          3|    1|          3|
    |OFM_DB_59_ce1                    |   15|          3|    1|          3|
    |OFM_DB_59_d1                     |   15|          3|   32|         96|
    |OFM_DB_59_we1                    |   15|          3|    1|          3|
    |OFM_DB_5_address0                |   15|          3|    8|         24|
    |OFM_DB_5_address1                |   15|          3|    8|         24|
    |OFM_DB_5_ce0                     |   15|          3|    1|          3|
    |OFM_DB_5_ce1                     |   15|          3|    1|          3|
    |OFM_DB_5_d1                      |   15|          3|   32|         96|
    |OFM_DB_5_we1                     |   15|          3|    1|          3|
    |OFM_DB_60_address0               |   15|          3|    8|         24|
    |OFM_DB_60_address1               |   15|          3|    8|         24|
    |OFM_DB_60_ce0                    |   15|          3|    1|          3|
    |OFM_DB_60_ce1                    |   15|          3|    1|          3|
    |OFM_DB_60_d1                     |   15|          3|   32|         96|
    |OFM_DB_60_we1                    |   15|          3|    1|          3|
    |OFM_DB_61_address0               |   15|          3|    8|         24|
    |OFM_DB_61_address1               |   15|          3|    8|         24|
    |OFM_DB_61_ce0                    |   15|          3|    1|          3|
    |OFM_DB_61_ce1                    |   15|          3|    1|          3|
    |OFM_DB_61_d1                     |   15|          3|   32|         96|
    |OFM_DB_61_we1                    |   15|          3|    1|          3|
    |OFM_DB_62_address0               |   15|          3|    8|         24|
    |OFM_DB_62_address1               |   15|          3|    8|         24|
    |OFM_DB_62_ce0                    |   15|          3|    1|          3|
    |OFM_DB_62_ce1                    |   15|          3|    1|          3|
    |OFM_DB_62_d1                     |   15|          3|   32|         96|
    |OFM_DB_62_we1                    |   15|          3|    1|          3|
    |OFM_DB_63_address0               |   15|          3|    8|         24|
    |OFM_DB_63_address1               |   15|          3|    8|         24|
    |OFM_DB_63_ce0                    |   15|          3|    1|          3|
    |OFM_DB_63_ce1                    |   15|          3|    1|          3|
    |OFM_DB_63_d1                     |   15|          3|   32|         96|
    |OFM_DB_63_we1                    |   15|          3|    1|          3|
    |OFM_DB_6_address0                |   15|          3|    8|         24|
    |OFM_DB_6_address1                |   15|          3|    8|         24|
    |OFM_DB_6_ce0                     |   15|          3|    1|          3|
    |OFM_DB_6_ce1                     |   15|          3|    1|          3|
    |OFM_DB_6_d1                      |   15|          3|   32|         96|
    |OFM_DB_6_we1                     |   15|          3|    1|          3|
    |OFM_DB_7_address0                |   15|          3|    8|         24|
    |OFM_DB_7_address1                |   15|          3|    8|         24|
    |OFM_DB_7_ce0                     |   15|          3|    1|          3|
    |OFM_DB_7_ce1                     |   15|          3|    1|          3|
    |OFM_DB_7_d1                      |   15|          3|   32|         96|
    |OFM_DB_7_we1                     |   15|          3|    1|          3|
    |OFM_DB_8_address0                |   15|          3|    8|         24|
    |OFM_DB_8_address1                |   15|          3|    8|         24|
    |OFM_DB_8_ce0                     |   15|          3|    1|          3|
    |OFM_DB_8_ce1                     |   15|          3|    1|          3|
    |OFM_DB_8_d1                      |   15|          3|   32|         96|
    |OFM_DB_8_we1                     |   15|          3|    1|          3|
    |OFM_DB_9_address0                |   15|          3|    8|         24|
    |OFM_DB_9_address1                |   15|          3|    8|         24|
    |OFM_DB_9_ce0                     |   15|          3|    1|          3|
    |OFM_DB_9_ce1                     |   15|          3|    1|          3|
    |OFM_DB_9_d1                      |   15|          3|   32|         96|
    |OFM_DB_9_we1                     |   15|          3|    1|          3|
    |ap_NS_fsm                        |   27|          5|    1|          5|
    |grp_Load_Fire_fu_2190_OFM_0_q0   |   15|          3|   32|         96|
    |grp_Load_Fire_fu_2190_OFM_10_q0  |   15|          3|   32|         96|
    |grp_Load_Fire_fu_2190_OFM_11_q0  |   15|          3|   32|         96|
    |grp_Load_Fire_fu_2190_OFM_12_q0  |   15|          3|   32|         96|
    |grp_Load_Fire_fu_2190_OFM_13_q0  |   15|          3|   32|         96|
    |grp_Load_Fire_fu_2190_OFM_14_q0  |   15|          3|   32|         96|
    |grp_Load_Fire_fu_2190_OFM_15_q0  |   15|          3|   32|         96|
    |grp_Load_Fire_fu_2190_OFM_16_q0  |   15|          3|   32|         96|
    |grp_Load_Fire_fu_2190_OFM_17_q0  |   15|          3|   32|         96|
    |grp_Load_Fire_fu_2190_OFM_18_q0  |   15|          3|   32|         96|
    |grp_Load_Fire_fu_2190_OFM_19_q0  |   15|          3|   32|         96|
    |grp_Load_Fire_fu_2190_OFM_1_q0   |   15|          3|   32|         96|
    |grp_Load_Fire_fu_2190_OFM_20_q0  |   15|          3|   32|         96|
    |grp_Load_Fire_fu_2190_OFM_21_q0  |   15|          3|   32|         96|
    |grp_Load_Fire_fu_2190_OFM_22_q0  |   15|          3|   32|         96|
    |grp_Load_Fire_fu_2190_OFM_23_q0  |   15|          3|   32|         96|
    |grp_Load_Fire_fu_2190_OFM_24_q0  |   15|          3|   32|         96|
    |grp_Load_Fire_fu_2190_OFM_25_q0  |   15|          3|   32|         96|
    |grp_Load_Fire_fu_2190_OFM_26_q0  |   15|          3|   32|         96|
    |grp_Load_Fire_fu_2190_OFM_27_q0  |   15|          3|   32|         96|
    |grp_Load_Fire_fu_2190_OFM_28_q0  |   15|          3|   32|         96|
    |grp_Load_Fire_fu_2190_OFM_29_q0  |   15|          3|   32|         96|
    |grp_Load_Fire_fu_2190_OFM_2_q0   |   15|          3|   32|         96|
    |grp_Load_Fire_fu_2190_OFM_30_q0  |   15|          3|   32|         96|
    |grp_Load_Fire_fu_2190_OFM_31_q0  |   15|          3|   32|         96|
    |grp_Load_Fire_fu_2190_OFM_32_q0  |   15|          3|   32|         96|
    |grp_Load_Fire_fu_2190_OFM_33_q0  |   15|          3|   32|         96|
    |grp_Load_Fire_fu_2190_OFM_34_q0  |   15|          3|   32|         96|
    |grp_Load_Fire_fu_2190_OFM_35_q0  |   15|          3|   32|         96|
    |grp_Load_Fire_fu_2190_OFM_36_q0  |   15|          3|   32|         96|
    |grp_Load_Fire_fu_2190_OFM_37_q0  |   15|          3|   32|         96|
    |grp_Load_Fire_fu_2190_OFM_38_q0  |   15|          3|   32|         96|
    |grp_Load_Fire_fu_2190_OFM_39_q0  |   15|          3|   32|         96|
    |grp_Load_Fire_fu_2190_OFM_3_q0   |   15|          3|   32|         96|
    |grp_Load_Fire_fu_2190_OFM_40_q0  |   15|          3|   32|         96|
    |grp_Load_Fire_fu_2190_OFM_41_q0  |   15|          3|   32|         96|
    |grp_Load_Fire_fu_2190_OFM_42_q0  |   15|          3|   32|         96|
    |grp_Load_Fire_fu_2190_OFM_43_q0  |   15|          3|   32|         96|
    |grp_Load_Fire_fu_2190_OFM_44_q0  |   15|          3|   32|         96|
    |grp_Load_Fire_fu_2190_OFM_45_q0  |   15|          3|   32|         96|
    |grp_Load_Fire_fu_2190_OFM_46_q0  |   15|          3|   32|         96|
    |grp_Load_Fire_fu_2190_OFM_47_q0  |   15|          3|   32|         96|
    |grp_Load_Fire_fu_2190_OFM_48_q0  |   15|          3|   32|         96|
    |grp_Load_Fire_fu_2190_OFM_49_q0  |   15|          3|   32|         96|
    |grp_Load_Fire_fu_2190_OFM_4_q0   |   15|          3|   32|         96|
    |grp_Load_Fire_fu_2190_OFM_50_q0  |   15|          3|   32|         96|
    |grp_Load_Fire_fu_2190_OFM_51_q0  |   15|          3|   32|         96|
    |grp_Load_Fire_fu_2190_OFM_52_q0  |   15|          3|   32|         96|
    |grp_Load_Fire_fu_2190_OFM_53_q0  |   15|          3|   32|         96|
    |grp_Load_Fire_fu_2190_OFM_54_q0  |   15|          3|   32|         96|
    |grp_Load_Fire_fu_2190_OFM_55_q0  |   15|          3|   32|         96|
    |grp_Load_Fire_fu_2190_OFM_56_q0  |   15|          3|   32|         96|
    |grp_Load_Fire_fu_2190_OFM_57_q0  |   15|          3|   32|         96|
    |grp_Load_Fire_fu_2190_OFM_58_q0  |   15|          3|   32|         96|
    |grp_Load_Fire_fu_2190_OFM_59_q0  |   15|          3|   32|         96|
    |grp_Load_Fire_fu_2190_OFM_5_q0   |   15|          3|   32|         96|
    |grp_Load_Fire_fu_2190_OFM_60_q0  |   15|          3|   32|         96|
    |grp_Load_Fire_fu_2190_OFM_61_q0  |   15|          3|   32|         96|
    |grp_Load_Fire_fu_2190_OFM_62_q0  |   15|          3|   32|         96|
    |grp_Load_Fire_fu_2190_OFM_63_q0  |   15|          3|   32|         96|
    |grp_Load_Fire_fu_2190_OFM_6_q0   |   15|          3|   32|         96|
    |grp_Load_Fire_fu_2190_OFM_7_q0   |   15|          3|   32|         96|
    |grp_Load_Fire_fu_2190_OFM_8_q0   |   15|          3|   32|         96|
    |grp_Load_Fire_fu_2190_OFM_9_q0   |   15|          3|   32|         96|
    |grp_OFM_STORE_fu_4226_BIAS_q0    |   15|          3|   32|         96|
    |grp_OFM_STORE_fu_4226_OFM_0_q0   |   15|          3|   32|         96|
    |grp_OFM_STORE_fu_4226_OFM_10_q0  |   15|          3|   32|         96|
    |grp_OFM_STORE_fu_4226_OFM_11_q0  |   15|          3|   32|         96|
    |grp_OFM_STORE_fu_4226_OFM_12_q0  |   15|          3|   32|         96|
    |grp_OFM_STORE_fu_4226_OFM_13_q0  |   15|          3|   32|         96|
    |grp_OFM_STORE_fu_4226_OFM_14_q0  |   15|          3|   32|         96|
    |grp_OFM_STORE_fu_4226_OFM_15_q0  |   15|          3|   32|         96|
    |grp_OFM_STORE_fu_4226_OFM_16_q0  |   15|          3|   32|         96|
    |grp_OFM_STORE_fu_4226_OFM_17_q0  |   15|          3|   32|         96|
    |grp_OFM_STORE_fu_4226_OFM_18_q0  |   15|          3|   32|         96|
    |grp_OFM_STORE_fu_4226_OFM_19_q0  |   15|          3|   32|         96|
    |grp_OFM_STORE_fu_4226_OFM_1_q0   |   15|          3|   32|         96|
    |grp_OFM_STORE_fu_4226_OFM_20_q0  |   15|          3|   32|         96|
    |grp_OFM_STORE_fu_4226_OFM_21_q0  |   15|          3|   32|         96|
    |grp_OFM_STORE_fu_4226_OFM_22_q0  |   15|          3|   32|         96|
    |grp_OFM_STORE_fu_4226_OFM_23_q0  |   15|          3|   32|         96|
    |grp_OFM_STORE_fu_4226_OFM_24_q0  |   15|          3|   32|         96|
    |grp_OFM_STORE_fu_4226_OFM_25_q0  |   15|          3|   32|         96|
    |grp_OFM_STORE_fu_4226_OFM_26_q0  |   15|          3|   32|         96|
    |grp_OFM_STORE_fu_4226_OFM_27_q0  |   15|          3|   32|         96|
    |grp_OFM_STORE_fu_4226_OFM_28_q0  |   15|          3|   32|         96|
    |grp_OFM_STORE_fu_4226_OFM_29_q0  |   15|          3|   32|         96|
    |grp_OFM_STORE_fu_4226_OFM_2_q0   |   15|          3|   32|         96|
    |grp_OFM_STORE_fu_4226_OFM_30_q0  |   15|          3|   32|         96|
    |grp_OFM_STORE_fu_4226_OFM_31_q0  |   15|          3|   32|         96|
    |grp_OFM_STORE_fu_4226_OFM_32_q0  |   15|          3|   32|         96|
    |grp_OFM_STORE_fu_4226_OFM_33_q0  |   15|          3|   32|         96|
    |grp_OFM_STORE_fu_4226_OFM_34_q0  |   15|          3|   32|         96|
    |grp_OFM_STORE_fu_4226_OFM_35_q0  |   15|          3|   32|         96|
    |grp_OFM_STORE_fu_4226_OFM_36_q0  |   15|          3|   32|         96|
    |grp_OFM_STORE_fu_4226_OFM_37_q0  |   15|          3|   32|         96|
    |grp_OFM_STORE_fu_4226_OFM_38_q0  |   15|          3|   32|         96|
    |grp_OFM_STORE_fu_4226_OFM_39_q0  |   15|          3|   32|         96|
    |grp_OFM_STORE_fu_4226_OFM_3_q0   |   15|          3|   32|         96|
    |grp_OFM_STORE_fu_4226_OFM_40_q0  |   15|          3|   32|         96|
    |grp_OFM_STORE_fu_4226_OFM_41_q0  |   15|          3|   32|         96|
    |grp_OFM_STORE_fu_4226_OFM_42_q0  |   15|          3|   32|         96|
    |grp_OFM_STORE_fu_4226_OFM_43_q0  |   15|          3|   32|         96|
    |grp_OFM_STORE_fu_4226_OFM_44_q0  |   15|          3|   32|         96|
    |grp_OFM_STORE_fu_4226_OFM_45_q0  |   15|          3|   32|         96|
    |grp_OFM_STORE_fu_4226_OFM_46_q0  |   15|          3|   32|         96|
    |grp_OFM_STORE_fu_4226_OFM_47_q0  |   15|          3|   32|         96|
    |grp_OFM_STORE_fu_4226_OFM_48_q0  |   15|          3|   32|         96|
    |grp_OFM_STORE_fu_4226_OFM_49_q0  |   15|          3|   32|         96|
    |grp_OFM_STORE_fu_4226_OFM_4_q0   |   15|          3|   32|         96|
    |grp_OFM_STORE_fu_4226_OFM_50_q0  |   15|          3|   32|         96|
    |grp_OFM_STORE_fu_4226_OFM_51_q0  |   15|          3|   32|         96|
    |grp_OFM_STORE_fu_4226_OFM_52_q0  |   15|          3|   32|         96|
    |grp_OFM_STORE_fu_4226_OFM_53_q0  |   15|          3|   32|         96|
    |grp_OFM_STORE_fu_4226_OFM_54_q0  |   15|          3|   32|         96|
    |grp_OFM_STORE_fu_4226_OFM_55_q0  |   15|          3|   32|         96|
    |grp_OFM_STORE_fu_4226_OFM_56_q0  |   15|          3|   32|         96|
    |grp_OFM_STORE_fu_4226_OFM_57_q0  |   15|          3|   32|         96|
    |grp_OFM_STORE_fu_4226_OFM_58_q0  |   15|          3|   32|         96|
    |grp_OFM_STORE_fu_4226_OFM_59_q0  |   15|          3|   32|         96|
    |grp_OFM_STORE_fu_4226_OFM_5_q0   |   15|          3|   32|         96|
    |grp_OFM_STORE_fu_4226_OFM_60_q0  |   15|          3|   32|         96|
    |grp_OFM_STORE_fu_4226_OFM_61_q0  |   15|          3|   32|         96|
    |grp_OFM_STORE_fu_4226_OFM_62_q0  |   15|          3|   32|         96|
    |grp_OFM_STORE_fu_4226_OFM_63_q0  |   15|          3|   32|         96|
    |grp_OFM_STORE_fu_4226_OFM_6_q0   |   15|          3|   32|         96|
    |grp_OFM_STORE_fu_4226_OFM_7_q0   |   15|          3|   32|         96|
    |grp_OFM_STORE_fu_4226_OFM_8_q0   |   15|          3|   32|         96|
    |grp_OFM_STORE_fu_4226_OFM_9_q0   |   15|          3|   32|         96|
    |input_dma_B_V_data_0_ack_out     |    9|          2|    1|          2|
    |input_dma_B_V_data_0_data_out    |    9|          2|   32|         64|
    |input_dma_B_V_data_0_state       |   15|          3|    2|          6|
    |input_dma_B_V_last_0_ack_out     |    9|          2|    1|          2|
    |input_dma_B_V_last_0_data_out    |    9|          2|    1|          2|
    |input_dma_B_V_last_0_state       |   15|          3|    2|          6|
    |input_dma_I_V_data_0_ack_out     |    9|          2|    1|          2|
    |input_dma_I_V_data_0_data_out    |    9|          2|   64|        128|
    |input_dma_I_V_data_0_state       |   15|          3|    2|          6|
    |input_dma_I_V_last_0_ack_out     |    9|          2|    1|          2|
    |input_dma_I_V_last_0_data_out    |    9|          2|    1|          2|
    |input_dma_I_V_last_0_state       |   15|          3|    2|          6|
    |input_dma_W_V_data_0_ack_out     |    9|          2|    1|          2|
    |input_dma_W_V_data_0_data_out    |    9|          2|   64|        128|
    |input_dma_W_V_data_0_state       |   15|          3|    2|          6|
    |input_dma_W_V_last_0_ack_out     |    9|          2|    1|          2|
    |input_dma_W_V_last_0_data_out    |    9|          2|    1|          2|
    |input_dma_W_V_last_0_state       |   15|          3|    2|          6|
    |output_dma_O_V_data_1_data_out   |    9|          2|   64|        128|
    |output_dma_O_V_data_1_state      |   15|          3|    2|          6|
    |output_dma_O_V_data_1_vld_in     |    9|          2|    1|          2|
    |output_dma_O_V_last_1_data_out   |    9|          2|    1|          2|
    |output_dma_O_V_last_1_state      |   15|          3|    2|          6|
    |output_dma_O_V_last_1_vld_in     |    9|          2|    1|          2|
    +---------------------------------+-----+-----------+-----+-----------+
    |Total                            |13782|       2760|10913|      32501|
    +---------------------------------+-----+-----------+-----+-----------+

    * Register: 
    +------------------------------------+----+----+-----+-----------+
    |                Name                | FF | LUT| Bits| Const Bits|
    +------------------------------------+----+----+-----+-----------+
    |N_read_reg_4458                     |  32|   0|   32|          0|
    |ap_CS_fsm                           |   4|   0|    4|          0|
    |col_read_reg_4463                   |  32|   0|   32|          0|
    |custom_Tc_read_reg_4441             |  32|   0|   32|          0|
    |custom_Tr_read_reg_4447             |  32|   0|   32|          0|
    |custom_k_read_reg_4453              |  32|   0|   32|          0|
    |grp_Load_Fire_fu_2190_ap_start_reg  |   1|   0|    1|          0|
    |grp_OFM_STORE_fu_4226_ap_start_reg  |   1|   0|    1|          0|
    |input_dma_B_V_data_0_payload_A      |  32|   0|   32|          0|
    |input_dma_B_V_data_0_payload_B      |  32|   0|   32|          0|
    |input_dma_B_V_data_0_sel_rd         |   1|   0|    1|          0|
    |input_dma_B_V_data_0_sel_wr         |   1|   0|    1|          0|
    |input_dma_B_V_data_0_state          |   2|   0|    2|          0|
    |input_dma_B_V_last_0_payload_A      |   1|   0|    1|          0|
    |input_dma_B_V_last_0_payload_B      |   1|   0|    1|          0|
    |input_dma_B_V_last_0_sel_rd         |   1|   0|    1|          0|
    |input_dma_B_V_last_0_sel_wr         |   1|   0|    1|          0|
    |input_dma_B_V_last_0_state          |   2|   0|    2|          0|
    |input_dma_I_V_data_0_payload_A      |  64|   0|   64|          0|
    |input_dma_I_V_data_0_payload_B      |  64|   0|   64|          0|
    |input_dma_I_V_data_0_sel_rd         |   1|   0|    1|          0|
    |input_dma_I_V_data_0_sel_wr         |   1|   0|    1|          0|
    |input_dma_I_V_data_0_state          |   2|   0|    2|          0|
    |input_dma_I_V_last_0_payload_A      |   1|   0|    1|          0|
    |input_dma_I_V_last_0_payload_B      |   1|   0|    1|          0|
    |input_dma_I_V_last_0_sel_rd         |   1|   0|    1|          0|
    |input_dma_I_V_last_0_sel_wr         |   1|   0|    1|          0|
    |input_dma_I_V_last_0_state          |   2|   0|    2|          0|
    |input_dma_W_V_data_0_payload_A      |  64|   0|   64|          0|
    |input_dma_W_V_data_0_payload_B      |  64|   0|   64|          0|
    |input_dma_W_V_data_0_sel_rd         |   1|   0|    1|          0|
    |input_dma_W_V_data_0_sel_wr         |   1|   0|    1|          0|
    |input_dma_W_V_data_0_state          |   2|   0|    2|          0|
    |input_dma_W_V_last_0_payload_A      |   1|   0|    1|          0|
    |input_dma_W_V_last_0_payload_B      |   1|   0|    1|          0|
    |input_dma_W_V_last_0_sel_rd         |   1|   0|    1|          0|
    |input_dma_W_V_last_0_sel_wr         |   1|   0|    1|          0|
    |input_dma_W_V_last_0_state          |   2|   0|    2|          0|
    |output_dma_O_V_data_1_payload_A     |  64|   0|   64|          0|
    |output_dma_O_V_data_1_payload_B     |  64|   0|   64|          0|
    |output_dma_O_V_data_1_sel_rd        |   1|   0|    1|          0|
    |output_dma_O_V_data_1_sel_wr        |   1|   0|    1|          0|
    |output_dma_O_V_data_1_state         |   2|   0|    2|          0|
    |output_dma_O_V_last_1_payload_A     |   1|   0|    1|          0|
    |output_dma_O_V_last_1_payload_B     |   1|   0|    1|          0|
    |output_dma_O_V_last_1_sel_rd        |   1|   0|    1|          0|
    |output_dma_O_V_last_1_sel_wr        |   1|   0|    1|          0|
    |output_dma_O_V_last_1_state         |   2|   0|    2|          0|
    |row_read_reg_4468                   |  32|   0|   32|          0|
    +------------------------------------+----+----+-----+-----------+
    |Total                               | 686|   0|  686|          0|
    +------------------------------------+----+----+-----+-----------+



================================================================
== Interface
================================================================
* Summary: 
+------------------------+-----+-----+------------+---------------------+--------------+
|        RTL Ports       | Dir | Bits|  Protocol  |    Source Object    |    C Type    |
+------------------------+-----+-----+------------+---------------------+--------------+
|s_axi_CRTL_BUS_AWVALID  |  in |    1|    s_axi   |       CRTL_BUS      |    scalar    |
|s_axi_CRTL_BUS_AWREADY  | out |    1|    s_axi   |       CRTL_BUS      |    scalar    |
|s_axi_CRTL_BUS_AWADDR   |  in |    7|    s_axi   |       CRTL_BUS      |    scalar    |
|s_axi_CRTL_BUS_WVALID   |  in |    1|    s_axi   |       CRTL_BUS      |    scalar    |
|s_axi_CRTL_BUS_WREADY   | out |    1|    s_axi   |       CRTL_BUS      |    scalar    |
|s_axi_CRTL_BUS_WDATA    |  in |   32|    s_axi   |       CRTL_BUS      |    scalar    |
|s_axi_CRTL_BUS_WSTRB    |  in |    4|    s_axi   |       CRTL_BUS      |    scalar    |
|s_axi_CRTL_BUS_ARVALID  |  in |    1|    s_axi   |       CRTL_BUS      |    scalar    |
|s_axi_CRTL_BUS_ARREADY  | out |    1|    s_axi   |       CRTL_BUS      |    scalar    |
|s_axi_CRTL_BUS_ARADDR   |  in |    7|    s_axi   |       CRTL_BUS      |    scalar    |
|s_axi_CRTL_BUS_RVALID   | out |    1|    s_axi   |       CRTL_BUS      |    scalar    |
|s_axi_CRTL_BUS_RREADY   |  in |    1|    s_axi   |       CRTL_BUS      |    scalar    |
|s_axi_CRTL_BUS_RDATA    | out |   32|    s_axi   |       CRTL_BUS      |    scalar    |
|s_axi_CRTL_BUS_RRESP    | out |    2|    s_axi   |       CRTL_BUS      |    scalar    |
|s_axi_CRTL_BUS_BVALID   | out |    1|    s_axi   |       CRTL_BUS      |    scalar    |
|s_axi_CRTL_BUS_BREADY   |  in |    1|    s_axi   |       CRTL_BUS      |    scalar    |
|s_axi_CRTL_BUS_BRESP    | out |    2|    s_axi   |       CRTL_BUS      |    scalar    |
|ap_clk                  |  in |    1| ap_ctrl_hs |         top         | return value |
|ap_rst_n                |  in |    1| ap_ctrl_hs |         top         | return value |
|interrupt               | out |    1| ap_ctrl_hs |         top         | return value |
|input_dma_W_TDATA       |  in |   64|    axis    |  input_dma_W_V_data |    pointer   |
|input_dma_W_TVALID      |  in |    1|    axis    |  input_dma_W_V_last |    pointer   |
|input_dma_W_TREADY      | out |    1|    axis    |  input_dma_W_V_last |    pointer   |
|input_dma_W_TLAST       |  in |    1|    axis    |  input_dma_W_V_last |    pointer   |
|input_dma_I_TDATA       |  in |   64|    axis    |  input_dma_I_V_data |    pointer   |
|input_dma_I_TVALID      |  in |    1|    axis    |  input_dma_I_V_last |    pointer   |
|input_dma_I_TREADY      | out |    1|    axis    |  input_dma_I_V_last |    pointer   |
|input_dma_I_TLAST       |  in |    1|    axis    |  input_dma_I_V_last |    pointer   |
|input_dma_B_TDATA       |  in |   32|    axis    |  input_dma_B_V_data |    pointer   |
|input_dma_B_TVALID      |  in |    1|    axis    |  input_dma_B_V_last |    pointer   |
|input_dma_B_TREADY      | out |    1|    axis    |  input_dma_B_V_last |    pointer   |
|input_dma_B_TLAST       |  in |    1|    axis    |  input_dma_B_V_last |    pointer   |
|output_dma_O_TDATA      | out |   64|    axis    | output_dma_O_V_data |    pointer   |
|output_dma_O_TVALID     | out |    1|    axis    | output_dma_O_V_last |    pointer   |
|output_dma_O_TREADY     |  in |    1|    axis    | output_dma_O_V_last |    pointer   |
|output_dma_O_TLAST      | out |    1|    axis    | output_dma_O_V_last |    pointer   |
+------------------------+-----+-----+------------+---------------------+--------------+

